This is pdfTeX, Version 3.14159265-2.6-1.40.21 (MiKTeX 20.7) (preloaded format=pdflatex 2020.11.4)  31 MAR 2021 13:35
entering extended mode
**./2020_21_gfif_zahlensysteme.tex
(2020_21_gfif_zahlensysteme.tex
LaTeX2e <2020-02-02> patch level 5
L3 programming layer <2020-08-07> (2020_21_gfif_zahlensysteme_header.tex
(_head_tex/head.tex ("C:\Program Files\MiKTeX\tex/latex/base\article.cls"
Document Class: article 2019/12/20 v1.4l Standard LaTeX document class
("C:\Program Files\MiKTeX\tex/latex/base\size11.clo"
File: size11.clo 2019/12/20 v1.4l Standard LaTeX file (size option)
)
\c@part=\count168
\c@section=\count169
\c@subsection=\count170
\c@subsubsection=\count171
\c@paragraph=\count172
\c@subparagraph=\count173
\c@figure=\count174
\c@table=\count175
\abovecaptionskip=\skip47
\belowcaptionskip=\skip48
\bibindent=\dimen134
)
(C:\Users\kng\AppData\Roaming\MiKTeX\tex/latex/a4wide\a4wide.sty
Package: a4wide 1994/08/30

(C:\Users\kng\AppData\Roaming\MiKTeX\tex/latex/ntgclass\a4.sty
Package: a4 2020/02/18 v1.2g A4 based page layout
))
("C:\Program Files\MiKTeX\tex/latex/base\inputenc.sty"
Package: inputenc 2018/08/11 v1.3c Input encoding file
\inpenc@prehook=\toks15
\inpenc@posthook=\toks16
)
("C:\Program Files\MiKTeX\tex/latex/amsmath\amsmath.sty"
Package: amsmath 2020/01/20 v2.17e AMS math features
\@mathmargin=\skip49

For additional information on amsmath, use the `?' option.
("C:\Program Files\MiKTeX\tex/latex/amsmath\amstext.sty"
Package: amstext 2000/06/29 v2.01 AMS text

("C:\Program Files\MiKTeX\tex/latex/amsmath\amsgen.sty"
File: amsgen.sty 1999/11/30 v2.0 generic functions
\@emptytoks=\toks17
\ex@=\dimen135
))
("C:\Program Files\MiKTeX\tex/latex/amsmath\amsbsy.sty"
Package: amsbsy 1999/11/29 v1.2d Bold Symbols
\pmbraise@=\dimen136
)
("C:\Program Files\MiKTeX\tex/latex/amsmath\amsopn.sty"
Package: amsopn 2016/03/08 v2.02 operator names
)
\inf@bad=\count176
LaTeX Info: Redefining \frac on input line 227.
\uproot@=\count177
\leftroot@=\count178
LaTeX Info: Redefining \overline on input line 389.
\classnum@=\count179
\DOTSCASE@=\count180
LaTeX Info: Redefining \ldots on input line 486.
LaTeX Info: Redefining \dots on input line 489.
LaTeX Info: Redefining \cdots on input line 610.
\Mathstrutbox@=\box45
\strutbox@=\box46
\big@size=\dimen137
LaTeX Font Info:    Redeclaring font encoding OML on input line 733.
LaTeX Font Info:    Redeclaring font encoding OMS on input line 734.
\macc@depth=\count181
\c@MaxMatrixCols=\count182
\dotsspace@=\muskip16
\c@parentequation=\count183
\dspbrk@lvl=\count184
\tag@help=\toks18
\row@=\count185
\column@=\count186
\maxfields@=\count187
\andhelp@=\toks19
\eqnshift@=\dimen138
\alignsep@=\dimen139
\tagshift@=\dimen140
\tagwidth@=\dimen141
\totwidth@=\dimen142
\lineht@=\dimen143
\@envbody=\toks20
\multlinegap=\skip50
\multlinetaggap=\skip51
\mathdisplay@stack=\toks21
LaTeX Info: Redefining \[ on input line 2859.
LaTeX Info: Redefining \] on input line 2860.
)
("C:\Program Files\MiKTeX\tex/latex/amsfonts\amssymb.sty"
Package: amssymb 2013/01/14 v3.01 AMS font symbols

("C:\Program Files\MiKTeX\tex/latex/amsfonts\amsfonts.sty"
Package: amsfonts 2013/01/14 v3.01 Basic AMSFonts support
\symAMSa=\mathgroup4
\symAMSb=\mathgroup5
LaTeX Font Info:    Redeclaring math symbol \hbar on input line 98.
LaTeX Font Info:    Overwriting math alphabet `\mathfrak' in version `bold'
(Font)                  U/euf/m/n --> U/euf/b/n on input line 106.
))
("C:\Program Files\MiKTeX\tex/latex/graphics\graphicx.sty"
Package: graphicx 2019/11/30 v1.2a Enhanced LaTeX Graphics (DPC,SPQR)

("C:\Program Files\MiKTeX\tex/latex/graphics\keyval.sty"
Package: keyval 2014/10/28 v1.15 key=value parser (DPC)
\KV@toks@=\toks22
)
("C:\Program Files\MiKTeX\tex/latex/graphics\graphics.sty"
Package: graphics 2019/11/30 v1.4a Standard LaTeX Graphics (DPC,SPQR)

("C:\Program Files\MiKTeX\tex/latex/graphics\trig.sty"
Package: trig 2016/01/03 v1.10 sin cos tan (DPC)
)
("C:\Program Files\MiKTeX\tex/latex/graphics-cfg\graphics.cfg"
File: graphics.cfg 2016/06/04 v1.11 sample graphics configuration
)
Package graphics Info: Driver file: pdftex.def on input line 105.

("C:\Program Files\MiKTeX\tex/latex/graphics-def\pdftex.def"
File: pdftex.def 2018/01/08 v1.0l Graphics/color driver for pdftex
))
\Gin@req@height=\dimen144
\Gin@req@width=\dimen145
)
(C:\Users\kng\AppData\Roaming\MiKTeX\tex/latex/wrapfig\wrapfig.sty
\wrapoverhang=\dimen146
\WF@size=\dimen147
\c@WF@wrappedlines=\count188
\WF@box=\box47
\WF@everypar=\toks23
Package: wrapfig 2003/01/31  v 3.6
)
(C:\Users\kng\AppData\Roaming\MiKTeX\tex/latex/fancyhdr\fancyhdr.sty
Package: fancyhdr 2021/01/28 v4.0.1 Extensive control of page headers and foote
rs
\f@nch@headwidth=\skip52
\f@nch@O@elh=\skip53
\f@nch@O@erh=\skip54
\f@nch@O@olh=\skip55
\f@nch@O@orh=\skip56
\f@nch@O@elf=\skip57
\f@nch@O@erf=\skip58
\f@nch@O@olf=\skip59
\f@nch@O@orf=\skip60
)
(C:\Users\kng\AppData\Roaming\MiKTeX\tex/latex/datetime\datetime.sty
Package: datetime 2015/03/20 v2.60 Date Time Package

("C:\Program Files\MiKTeX\tex/latex/etoolbox\etoolbox.sty"
Package: etoolbox 2020/07/15 v2.5i e-TeX tools for LaTeX (JAW)
\etb@tempcnta=\count189
)
(C:\Users\kng\AppData\Roaming\MiKTeX\tex/latex/fmtcount\fmtcount.sty
Package: fmtcount 2020/01/30 v3.07

("C:\Program Files\MiKTeX\tex/latex/base\ifthen.sty"
Package: ifthen 2014/09/29 v1.1c Standard LaTeX ifthen package (DPC)
)
("C:\Program Files\MiKTeX\tex/latex/xkeyval\xkeyval.sty"
Package: xkeyval 2014/12/03 v2.7a package option processing (HA)

("C:\Program Files\MiKTeX\tex/generic/xkeyval\xkeyval.tex"
("C:\Program Files\MiKTeX\tex/generic/xkeyval\xkvutils.tex"
\XKV@toks=\toks24
\XKV@tempa@toks=\toks25
)
\XKV@depth=\count190
File: xkeyval.tex 2014/12/03 v2.7a key=value parser (HA)
))
(C:\Users\kng\AppData\Roaming\MiKTeX\tex/latex/fmtcount\fcprefix.sty
Package: fcprefix 2012/09/28

(C:\Users\kng\AppData\Roaming\MiKTeX\tex/latex/fmtcount\fcnumparser.sty
Package: fcnumparser 2017/06/15
\fc@digit@counter=\count191
))
\c@padzeroesN=\count192
\fc@tmpcatcode=\count193
\@DT@modctr=\count194
\@ordinalctr=\count195
\@orgargctr=\count196
\@strctr=\count197
\@tmpstrctr=\count198
\@DT@loopN=\count199
\@DT@X=\count266
)
(C:\Users\kng\AppData\Roaming\MiKTeX\tex/latex/datetime\datetime-defaults.sty
Package: datetime-defaults 2013/09/10
)
\@day=\count267
\@month=\count268
\@year=\count269
\c@HOUR=\count270
\c@HOURXII=\count271
\c@MINUTE=\count272
\c@TOHOUR=\count273
\c@TOMINUTE=\count274
\c@SECOND=\count275
\currenthour=\count276
\currentminute=\count277
\currentsecond=\count278
Package datetime Info: No datetime.cfg file found, using default settings on in
put line 308.
\@dtctr=\count279
\dayofyear=\count280
\dayofweek=\count281
LaTeX Info: Redefining \today on input line 736.
\dt@a=\toks26
\dt@b=\toks27
) ("C:\Program Files\MiKTeX\tex/latex/graphics\color.sty"
Package: color 2019/11/23 v1.2a Standard LaTeX Color (DPC)

("C:\Program Files\MiKTeX\tex/latex/graphics-cfg\color.cfg"
File: color.cfg 2016/01/02 v1.6 sample color configuration
)
Package color Info: Driver file: pdftex.def on input line 147.
)
(C:\Users\kng\AppData\Roaming\MiKTeX\tex/latex/float\float.sty
Package: float 2001/11/08 v1.3d Float enhancements (AL)
\c@float@type=\count282
\float@exts=\toks28
\float@box=\box48
\@float@everytoks=\toks29
\@floatcapt=\box49
)
("C:\Program Files\MiKTeX\tex/latex/xcolor\xcolor.sty"
Package: xcolor 2016/05/11 v2.12 LaTeX color extensions (UK)

("C:\Program Files\MiKTeX\tex/latex/graphics-cfg\color.cfg"
File: color.cfg 2016/01/02 v1.6 sample color configuration
)
Package xcolor Info: Driver file: pdftex.def on input line 225.

(C:\Users\kng\AppData\Roaming\MiKTeX\tex/latex/colortbl\colortbl.sty
Package: colortbl 2020/01/04 v1.0e Color table columns (DPC)

("C:\Program Files\MiKTeX\tex/latex/tools\array.sty"
Package: array 2019/08/31 v2.4l Tabular extension package (FMi)
\col@sep=\dimen148
\ar@mcellbox=\box50
\extrarowheight=\dimen149
\NC@list=\toks30
\extratabsurround=\skip61
\backup@length=\skip62
\ar@cellbox=\box51
)
\everycr=\toks31
\minrowclearance=\skip63
)
LaTeX Info: Redefining \color on input line 709.
\rownum=\count283
Package xcolor Info: Model `cmy' substituted by `cmy0' on input line 1348.
Package xcolor Info: Model `hsb' substituted by `rgb' on input line 1352.
Package xcolor Info: Model `RGB' extended on input line 1364.
Package xcolor Info: Model `HTML' substituted by `rgb' on input line 1366.
Package xcolor Info: Model `Hsb' substituted by `hsb' on input line 1367.
Package xcolor Info: Model `tHsb' substituted by `hsb' on input line 1368.
Package xcolor Info: Model `HSB' substituted by `hsb' on input line 1369.
Package xcolor Info: Model `Gray' substituted by `gray' on input line 1370.
Package xcolor Info: Model `wave' substituted by `hsb' on input line 1371.
)
("C:\Program Files\MiKTeX\tex/latex/tools\tabularx.sty"
Package: tabularx 2020/01/15 v2.11c `tabularx' package (DPC)
\TX@col@width=\dimen150
\TX@old@table=\dimen151
\TX@old@col=\dimen152
\TX@target=\dimen153
\TX@delta=\dimen154
\TX@cols=\count284
\TX@ftn=\toks32
)
("C:\Program Files\MiKTeX\tex/latex/tools\multicol.sty"
Package: multicol 2019/12/09 v1.8y multicolumn formatting (FMi)
\c@tracingmulticols=\count285
\mult@box=\box52
\multicol@leftmargin=\dimen155
\c@unbalance=\count286
\c@collectmore=\count287
\doublecol@number=\count288
\multicoltolerance=\count289
\multicolpretolerance=\count290
\full@width=\dimen156
\page@free=\dimen157
\premulticols=\dimen158
\postmulticols=\dimen159
\multicolsep=\skip64
\multicolbaselineskip=\skip65
\partial@page=\box53
\last@line=\box54
\maxbalancingoverflow=\dimen160
\mult@rightbox=\box55
\mult@grightbox=\box56
\mult@gfirstbox=\box57
\mult@firstbox=\box58
\@tempa=\box59
\@tempa=\box60
\@tempa=\box61
\@tempa=\box62
\@tempa=\box63
\@tempa=\box64
\@tempa=\box65
\@tempa=\box66
\@tempa=\box67
\@tempa=\box68
\@tempa=\box69
\@tempa=\box70
\@tempa=\box71
\@tempa=\box72
\@tempa=\box73
\@tempa=\box74
\@tempa=\box75
\@tempa=\box76
\@tempa=\box77
\@tempa=\box78
\@tempa=\box79
\@tempa=\box80
\@tempa=\box81
\@tempa=\box82
\@tempa=\box83
\@tempa=\box84
\@tempa=\box85
\@tempa=\box86
\@tempa=\box87
\@tempa=\box88
\@tempa=\box89
\@tempa=\box90
\@tempa=\box91
\@tempa=\box92
\@tempa=\box93
\@tempa=\box94
\@tempa=\box95
\c@minrows=\count291
\c@columnbadness=\count292
\c@finalcolumnbadness=\count293
\last@try=\dimen161
\multicolovershoot=\dimen162
\multicolundershoot=\dimen163
\mult@nat@firstbox=\box96
\colbreak@box=\box97
\mc@col@check@num=\count294
)
(C:\Users\kng\AppData\Roaming\MiKTeX\tex/latex/caption\subcaption.sty
Package: subcaption 2020/10/07 v1.3j Sub-captions (AR)

(C:\Users\kng\AppData\Roaming\MiKTeX\tex/latex/caption\caption.sty
Package: caption 2020/10/26 v3.5g Customizing captions (AR)

(C:\Users\kng\AppData\Roaming\MiKTeX\tex/latex/caption\caption3.sty
Package: caption3 2020/10/21 v2.2e caption3 kernel (AR)
\captionmargin=\dimen164
\captionmargin@=\dimen165
\captionwidth=\dimen166
\caption@tempdima=\dimen167
\caption@indent=\dimen168
\caption@parindent=\dimen169
\caption@hangindent=\dimen170
Package caption Info: Standard document class detected.
)
\c@caption@flags=\count295
\c@continuedfloat=\count296
Package caption Info: float package is loaded.
Package caption Info: wrapfig package is loaded.
)
\c@subfigure=\count297
\c@subtable=\count298
)
(C:\Users\kng\AppData\Roaming\MiKTeX\tex/latex/footmisc\footmisc.sty
Package: footmisc 2011/06/06 v5.5b a miscellany of footnote facilities
\FN@temptoken=\toks33
\footnotemargin=\dimen171
\c@pp@next@reset=\count299
Package footmisc Info: Declaring symbol style bringhurst on input line 855.
Package footmisc Info: Declaring symbol style chicago on input line 863.
Package footmisc Info: Declaring symbol style wiley on input line 872.
Package footmisc Info: Declaring symbol style lamport-robust on input line 883.

Package footmisc Info: Declaring symbol style lamport* on input line 903.
Package footmisc Info: Declaring symbol style lamport*-robust on input line 924
.
)
(C:\Users\kng\AppData\Roaming\MiKTeX\tex/latex/enumitem\enumitem.sty
Package: enumitem 2019/06/20 v3.9 Customized lists
\labelindent=\skip66
\enit@outerparindent=\dimen172
\enit@toks=\toks34
\enit@inbox=\box98
\enit@count@id=\count300
\enitdp@description=\count301
)
(C:\Users\kng\AppData\Roaming\MiKTeX\tex/latex/amscls\amsthm.sty
Package: amsthm 2020/05/29 v2.20.6
\thm@style=\toks35
\thm@bodyfont=\toks36
\thm@headfont=\toks37
\thm@notefont=\toks38
\thm@headpunct=\toks39
\thm@preskip=\skip67
\thm@postskip=\skip68
\thm@headsep=\skip69
\dth@everypar=\toks40
)
("C:\Program Files\MiKTeX\tex/latex/tools\bm.sty"
Package: bm 2019/07/24 v1.2d Bold Symbol Support (DPC/FMi)
\symboldoperators=\mathgroup6
\symboldletters=\mathgroup7
\symboldsymbols=\mathgroup8
LaTeX Font Info:    Redeclaring math alphabet \mathbf on input line 141.
LaTeX Info: Redefining \bm on input line 209.
)
("C:\Program Files\MiKTeX\tex/latex/tools\verbatim.sty"
Package: verbatim 2019/11/10 v1.5r LaTeX2e package for verbatim enhancements
\every@verbatim=\toks41
\verbatim@line=\toks42
\verbatim@in@stream=\read2
)
("C:\Program Files\MiKTeX\tex/latex/pgf/frontendlayer\tikz.sty"
("C:\Program Files\MiKTeX\tex/latex/pgf/basiclayer\pgf.sty"
("C:\Program Files\MiKTeX\tex/latex/pgf/utilities\pgfrcs.sty"
("C:\Program Files\MiKTeX\tex/generic/pgf/utilities\pgfutil-common.tex"
\pgfutil@everybye=\toks43
\pgfutil@tempdima=\dimen173
\pgfutil@tempdimb=\dimen174

("C:\Program Files\MiKTeX\tex/generic/pgf/utilities\pgfutil-common-lists.tex"))
("C:\Program Files\MiKTeX\tex/generic/pgf/utilities\pgfutil-latex.def"
\pgfutil@abb=\box99

("C:\Program Files\MiKTeX\tex/latex/ms\everyshi.sty"
Package: everyshi 2001/05/15 v3.00 EveryShipout Package (MS)
))
("C:\Program Files\MiKTeX\tex/generic/pgf/utilities\pgfrcs.code.tex"
("C:\Program Files\MiKTeX\tex/generic/pgf\pgf.revision.tex")
Package: pgfrcs 2020/01/08 v3.1.5b (3.1.5b)
))
Package: pgf 2020/01/08 v3.1.5b (3.1.5b)

("C:\Program Files\MiKTeX\tex/latex/pgf/basiclayer\pgfcore.sty"
("C:\Program Files\MiKTeX\tex/latex/pgf/systemlayer\pgfsys.sty"
("C:\Program Files\MiKTeX\tex/generic/pgf/systemlayer\pgfsys.code.tex"
Package: pgfsys 2020/01/08 v3.1.5b (3.1.5b)

("C:\Program Files\MiKTeX\tex/generic/pgf/utilities\pgfkeys.code.tex"
\pgfkeys@pathtoks=\toks44
\pgfkeys@temptoks=\toks45

("C:\Program Files\MiKTeX\tex/generic/pgf/utilities\pgfkeysfiltered.code.tex"
\pgfkeys@tmptoks=\toks46
))
\pgf@x=\dimen175
\pgf@y=\dimen176
\pgf@xa=\dimen177
\pgf@ya=\dimen178
\pgf@xb=\dimen179
\pgf@yb=\dimen180
\pgf@xc=\dimen181
\pgf@yc=\dimen182
\pgf@xd=\dimen183
\pgf@yd=\dimen184
\w@pgf@writea=\write3
\r@pgf@reada=\read3
\c@pgf@counta=\count302
\c@pgf@countb=\count303
\c@pgf@countc=\count304
\c@pgf@countd=\count305
\t@pgf@toka=\toks47
\t@pgf@tokb=\toks48
\t@pgf@tokc=\toks49
\pgf@sys@id@count=\count306
("C:\Program Files\MiKTeX\tex/generic/pgf/systemlayer\pgf.cfg"
File: pgf.cfg 2020/01/08 v3.1.5b (3.1.5b)
)
Driver file for pgf: pgfsys-pdftex.def

("C:\Program Files\MiKTeX\tex/generic/pgf/systemlayer\pgfsys-pdftex.def"
File: pgfsys-pdftex.def 2020/01/08 v3.1.5b (3.1.5b)

("C:\Program Files\MiKTeX\tex/generic/pgf/systemlayer\pgfsys-common-pdf.def"
File: pgfsys-common-pdf.def 2020/01/08 v3.1.5b (3.1.5b)
))) ("C:\Program Files\MiKTeX\tex/generic/pgf/systemlayer\pgfsyssoftpath.code.t
ex"
File: pgfsyssoftpath.code.tex 2020/01/08 v3.1.5b (3.1.5b)
\pgfsyssoftpath@smallbuffer@items=\count307
\pgfsyssoftpath@bigbuffer@items=\count308
) ("C:\Program Files\MiKTeX\tex/generic/pgf/systemlayer\pgfsysprotocol.code.tex
"
File: pgfsysprotocol.code.tex 2020/01/08 v3.1.5b (3.1.5b)
)) ("C:\Program Files\MiKTeX\tex/generic/pgf/basiclayer\pgfcore.code.tex"
Package: pgfcore 2020/01/08 v3.1.5b (3.1.5b)

("C:\Program Files\MiKTeX\tex/generic/pgf/math\pgfmath.code.tex"
("C:\Program Files\MiKTeX\tex/generic/pgf/math\pgfmathcalc.code.tex"
("C:\Program Files\MiKTeX\tex/generic/pgf/math\pgfmathutil.code.tex")
("C:\Program Files\MiKTeX\tex/generic/pgf/math\pgfmathparser.code.tex"
\pgfmath@dimen=\dimen185
\pgfmath@count=\count309
\pgfmath@box=\box100
\pgfmath@toks=\toks50
\pgfmath@stack@operand=\toks51
\pgfmath@stack@operation=\toks52
)
("C:\Program Files\MiKTeX\tex/generic/pgf/math\pgfmathfunctions.code.tex"
("C:\Program Files\MiKTeX\tex/generic/pgf/math\pgfmathfunctions.basic.code.tex"
)
("C:\Program Files\MiKTeX\tex/generic/pgf/math\pgfmathfunctions.trigonometric.c
ode.tex")
("C:\Program Files\MiKTeX\tex/generic/pgf/math\pgfmathfunctions.random.code.tex
")
("C:\Program Files\MiKTeX\tex/generic/pgf/math\pgfmathfunctions.comparison.code
.tex")
("C:\Program Files\MiKTeX\tex/generic/pgf/math\pgfmathfunctions.base.code.tex")
("C:\Program Files\MiKTeX\tex/generic/pgf/math\pgfmathfunctions.round.code.tex"
) ("C:\Program Files\MiKTeX\tex/generic/pgf/math\pgfmathfunctions.misc.code.tex
")
("C:\Program Files\MiKTeX\tex/generic/pgf/math\pgfmathfunctions.integerarithmet
ics.code.tex")))
("C:\Program Files\MiKTeX\tex/generic/pgf/math\pgfmathfloat.code.tex"
\c@pgfmathroundto@lastzeros=\count310
))
("C:\Program Files\MiKTeX\tex/generic/pgf/math\pgfint.code.tex")
("C:\Program Files\MiKTeX\tex/generic/pgf/basiclayer\pgfcorepoints.code.tex"
File: pgfcorepoints.code.tex 2020/01/08 v3.1.5b (3.1.5b)
\pgf@picminx=\dimen186
\pgf@picmaxx=\dimen187
\pgf@picminy=\dimen188
\pgf@picmaxy=\dimen189
\pgf@pathminx=\dimen190
\pgf@pathmaxx=\dimen191
\pgf@pathminy=\dimen192
\pgf@pathmaxy=\dimen193
\pgf@xx=\dimen194
\pgf@xy=\dimen195
\pgf@yx=\dimen196
\pgf@yy=\dimen197
\pgf@zx=\dimen198
\pgf@zy=\dimen199
)
("C:\Program Files\MiKTeX\tex/generic/pgf/basiclayer\pgfcorepathconstruct.code.
tex"
File: pgfcorepathconstruct.code.tex 2020/01/08 v3.1.5b (3.1.5b)
\pgf@path@lastx=\dimen256
\pgf@path@lasty=\dimen257
)
("C:\Program Files\MiKTeX\tex/generic/pgf/basiclayer\pgfcorepathusage.code.tex"
File: pgfcorepathusage.code.tex 2020/01/08 v3.1.5b (3.1.5b)
\pgf@shorten@end@additional=\dimen258
\pgf@shorten@start@additional=\dimen259
) ("C:\Program Files\MiKTeX\tex/generic/pgf/basiclayer\pgfcorescopes.code.tex"
File: pgfcorescopes.code.tex 2020/01/08 v3.1.5b (3.1.5b)
\pgfpic=\box101
\pgf@hbox=\box102
\pgf@layerbox@main=\box103
\pgf@picture@serial@count=\count311
)
("C:\Program Files\MiKTeX\tex/generic/pgf/basiclayer\pgfcoregraphicstate.code.t
ex"
File: pgfcoregraphicstate.code.tex 2020/01/08 v3.1.5b (3.1.5b)
\pgflinewidth=\dimen260
)
("C:\Program Files\MiKTeX\tex/generic/pgf/basiclayer\pgfcoretransformations.cod
e.tex"
File: pgfcoretransformations.code.tex 2020/01/08 v3.1.5b (3.1.5b)
\pgf@pt@x=\dimen261
\pgf@pt@y=\dimen262
\pgf@pt@temp=\dimen263
)
("C:\Program Files\MiKTeX\tex/generic/pgf/basiclayer\pgfcorequick.code.tex"
File: pgfcorequick.code.tex 2020/01/08 v3.1.5b (3.1.5b)
)
("C:\Program Files\MiKTeX\tex/generic/pgf/basiclayer\pgfcoreobjects.code.tex"
File: pgfcoreobjects.code.tex 2020/01/08 v3.1.5b (3.1.5b)
)
("C:\Program Files\MiKTeX\tex/generic/pgf/basiclayer\pgfcorepathprocessing.code
.tex"
File: pgfcorepathprocessing.code.tex 2020/01/08 v3.1.5b (3.1.5b)
)
("C:\Program Files\MiKTeX\tex/generic/pgf/basiclayer\pgfcorearrows.code.tex"
File: pgfcorearrows.code.tex 2020/01/08 v3.1.5b (3.1.5b)
\pgfarrowsep=\dimen264
)
("C:\Program Files\MiKTeX\tex/generic/pgf/basiclayer\pgfcoreshade.code.tex"
File: pgfcoreshade.code.tex 2020/01/08 v3.1.5b (3.1.5b)
\pgf@max=\dimen265
\pgf@sys@shading@range@num=\count312
\pgf@shadingcount=\count313
)
("C:\Program Files\MiKTeX\tex/generic/pgf/basiclayer\pgfcoreimage.code.tex"
File: pgfcoreimage.code.tex 2020/01/08 v3.1.5b (3.1.5b)

("C:\Program Files\MiKTeX\tex/generic/pgf/basiclayer\pgfcoreexternal.code.tex"
File: pgfcoreexternal.code.tex 2020/01/08 v3.1.5b (3.1.5b)
\pgfexternal@startupbox=\box104
)) ("C:\Program Files\MiKTeX\tex/generic/pgf/basiclayer\pgfcorelayers.code.tex"
File: pgfcorelayers.code.tex 2020/01/08 v3.1.5b (3.1.5b)
)
("C:\Program Files\MiKTeX\tex/generic/pgf/basiclayer\pgfcoretransparency.code.t
ex"
File: pgfcoretransparency.code.tex 2020/01/08 v3.1.5b (3.1.5b)
)
("C:\Program Files\MiKTeX\tex/generic/pgf/basiclayer\pgfcorepatterns.code.tex"
File: pgfcorepatterns.code.tex 2020/01/08 v3.1.5b (3.1.5b)
) ("C:\Program Files\MiKTeX\tex/generic/pgf/basiclayer\pgfcorerdf.code.tex"
File: pgfcorerdf.code.tex 2020/01/08 v3.1.5b (3.1.5b)
)))
("C:\Program Files\MiKTeX\tex/generic/pgf/modules\pgfmoduleshapes.code.tex"
File: pgfmoduleshapes.code.tex 2020/01/08 v3.1.5b (3.1.5b)
\pgfnodeparttextbox=\box105
)
("C:\Program Files\MiKTeX\tex/generic/pgf/modules\pgfmoduleplot.code.tex"
File: pgfmoduleplot.code.tex 2020/01/08 v3.1.5b (3.1.5b)
)
("C:\Program Files\MiKTeX\tex/latex/pgf/compatibility\pgfcomp-version-0-65.sty"
Package: pgfcomp-version-0-65 2020/01/08 v3.1.5b (3.1.5b)
\pgf@nodesepstart=\dimen266
\pgf@nodesepend=\dimen267
) ("C:\Program Files\MiKTeX\tex/latex/pgf/compatibility\pgfcomp-version-1-18.st
y"
Package: pgfcomp-version-1-18 2020/01/08 v3.1.5b (3.1.5b)
)) ("C:\Program Files\MiKTeX\tex/latex/pgf/utilities\pgffor.sty"
("C:\Program Files\MiKTeX\tex/latex/pgf/utilities\pgfkeys.sty"
("C:\Program Files\MiKTeX\tex/generic/pgf/utilities\pgfkeys.code.tex"))
("C:\Program Files\MiKTeX\tex/latex/pgf/math\pgfmath.sty"
("C:\Program Files\MiKTeX\tex/generic/pgf/math\pgfmath.code.tex"))
("C:\Program Files\MiKTeX\tex/generic/pgf/utilities\pgffor.code.tex"
Package: pgffor 2020/01/08 v3.1.5b (3.1.5b)

("C:\Program Files\MiKTeX\tex/generic/pgf/math\pgfmath.code.tex")
\pgffor@iter=\dimen268
\pgffor@skip=\dimen269
\pgffor@stack=\toks53
\pgffor@toks=\toks54
))
("C:\Program Files\MiKTeX\tex/generic/pgf/frontendlayer/tikz\tikz.code.tex"
Package: tikz 2020/01/08 v3.1.5b (3.1.5b)

("C:\Program Files\MiKTeX\tex/generic/pgf/libraries\pgflibraryplothandlers.code
.tex"
File: pgflibraryplothandlers.code.tex 2020/01/08 v3.1.5b (3.1.5b)
\pgf@plot@mark@count=\count314
\pgfplotmarksize=\dimen270
)
\tikz@lastx=\dimen271
\tikz@lasty=\dimen272
\tikz@lastxsaved=\dimen273
\tikz@lastysaved=\dimen274
\tikz@lastmovetox=\dimen275
\tikz@lastmovetoy=\dimen276
\tikzleveldistance=\dimen277
\tikzsiblingdistance=\dimen278
\tikz@figbox=\box106
\tikz@figbox@bg=\box107
\tikz@tempbox=\box108
\tikz@tempbox@bg=\box109
\tikztreelevel=\count315
\tikznumberofchildren=\count316
\tikznumberofcurrentchild=\count317
\tikz@fig@count=\count318

("C:\Program Files\MiKTeX\tex/generic/pgf/modules\pgfmodulematrix.code.tex"
File: pgfmodulematrix.code.tex 2020/01/08 v3.1.5b (3.1.5b)
\pgfmatrixcurrentrow=\count319
\pgfmatrixcurrentcolumn=\count320
\pgf@matrix@numberofcolumns=\count321
)
\tikz@expandcount=\count322

("C:\Program Files\MiKTeX\tex/generic/pgf/frontendlayer/tikz/libraries\tikzlibr
arytopaths.code.tex"
File: tikzlibrarytopaths.code.tex 2020/01/08 v3.1.5b (3.1.5b)
)))
("C:\Program Files\MiKTeX\tex/generic/pgf/frontendlayer/tikz/libraries\tikzlibr
arybackgrounds.code.tex"
File: tikzlibrarybackgrounds.code.tex 2020/01/08 v3.1.5b (3.1.5b)
\pgf@layerbox@background=\box110
\pgf@layerboxsaved@background=\box111
)
("C:\Program Files\MiKTeX\tex/generic/pgf/frontendlayer/tikz/libraries\tikzlibr
aryangles.code.tex"
File: tikzlibraryangles.code.tex 2020/01/08 v3.1.5b (3.1.5b)
)
("C:\Program Files\MiKTeX\tex/generic/pgf/frontendlayer/tikz/libraries\tikzlibr
aryquotes.code.tex"
File: tikzlibraryquotes.code.tex 2020/01/08 v3.1.5b (3.1.5b)
)
(C:\Users\kng\AppData\Roaming\MiKTeX\tex/latex/tkz-euclide\tkz-euclide.sty
2020/03/18 3.06c tkz-euclide.sty
Package: tkz-euclide 2020/03/18 3.06c for euclidan geometry 
(C:\Users\kng\AppData\Roaming\MiKTeX\tex/latex/tkz-base\tkz-base.sty
2020/03/18 3.06c tkz-base.sty
Package: tkz-base 2020/03/18 3.06c tkz-base

("C:\Program Files\MiKTeX\tex/generic/pgf/frontendlayer/tikz/libraries\tikzlibr
aryarrows.code.tex"
File: tikzlibraryarrows.code.tex 2020/01/08 v3.1.5b (3.1.5b)

("C:\Program Files\MiKTeX\tex/generic/pgf/libraries\pgflibraryarrows.code.tex"
File: pgflibraryarrows.code.tex 2020/01/08 v3.1.5b (3.1.5b)
\arrowsize=\dimen279
))
("C:\Program Files\MiKTeX\tex/generic/pgf/libraries\pgflibraryarrows.meta.code.
tex"
File: pgflibraryarrows.meta.code.tex 2020/01/08 v3.1.5b (3.1.5b)
\pgfarrowinset=\dimen280
\pgfarrowlength=\dimen281
\pgfarrowwidth=\dimen282
\pgfarrowlinewidth=\dimen283
)
("C:\Program Files\MiKTeX\tex/generic/pgf/frontendlayer/tikz/libraries\tikzlibr
arybabel.code.tex"
File: tikzlibrarybabel.code.tex 2020/01/08 v3.1.5b (3.1.5b)
)
("C:\Program Files\MiKTeX\tex/generic/pgf/frontendlayer/tikz/libraries\tikzlibr
arycalc.code.tex"
File: tikzlibrarycalc.code.tex 2020/01/08 v3.1.5b (3.1.5b)
)
("C:\Program Files\MiKTeX\tex/generic/pgf/frontendlayer/tikz/libraries\tikzlibr
arydecorations.code.tex"
("C:\Program Files\MiKTeX\tex/generic/pgf/modules\pgfmoduledecorations.code.tex
"
\pgfdecoratedcompleteddistance=\dimen284
\pgfdecoratedremainingdistance=\dimen285
\pgfdecoratedinputsegmentcompleteddistance=\dimen286
\pgfdecoratedinputsegmentremainingdistance=\dimen287
\pgf@decorate@distancetomove=\dimen288
\pgf@decorate@repeatstate=\count323
\pgfdecorationsegmentamplitude=\dimen289
\pgfdecorationsegmentlength=\dimen290
)
\tikz@lib@dec@box=\box112
)
("C:\Program Files\MiKTeX\tex/generic/pgf/frontendlayer/tikz/libraries\tikzlibr
arydecorations.markings.code.tex"
("C:\Program Files\MiKTeX\tex/generic/pgf/libraries/decorations\pgflibrarydecor
ations.markings.code.tex"))
("C:\Program Files\MiKTeX\tex/generic/pgf/frontendlayer/tikz/libraries\tikzlibr
arydecorations.pathreplacing.code.tex"
("C:\Program Files\MiKTeX\tex/generic/pgf/libraries/decorations\pgflibrarydecor
ations.pathreplacing.code.tex"))
("C:\Program Files\MiKTeX\tex/generic/pgf/frontendlayer/tikz/libraries\tikzlibr
arydecorations.shapes.code.tex"
("C:\Program Files\MiKTeX\tex/generic/pgf/libraries/decorations\pgflibrarydecor
ations.shapes.code.tex"))
("C:\Program Files\MiKTeX\tex/generic/pgf/frontendlayer/tikz/libraries\tikzlibr
arydecorations.text.code.tex"
("C:\Program Files\MiKTeX\tex/generic/pgf/libraries/decorations\pgflibrarydecor
ations.text.code.tex"
\pgf@lib@dec@text@box=\box113
)
\tikz@lib@dec@te@box=\box114
)
("C:\Program Files\MiKTeX\tex/generic/pgf/frontendlayer/tikz/libraries\tikzlibr
arydecorations.pathmorphing.code.tex"
("C:\Program Files\MiKTeX\tex/generic/pgf/libraries/decorations\pgflibrarydecor
ations.pathmorphing.code.tex"))
("C:\Program Files\MiKTeX\tex/generic/pgf/frontendlayer/tikz/libraries\tikzlibr
aryintersections.code.tex"
("C:\Program Files\MiKTeX\tex/generic/pgf/libraries\pgflibraryintersections.cod
e.tex"
("C:\Program Files\MiKTeX\tex/generic/pgf/libraries\pgflibraryfpu.code.tex")
\pgf@intersect@solutions=\count324
))
("C:\Program Files\MiKTeX\tex/generic/pgf/frontendlayer/tikz/libraries\tikzlibr
arypatterns.code.tex"
File: tikzlibrarypatterns.code.tex 2020/01/08 v3.1.5b (3.1.5b)

("C:\Program Files\MiKTeX\tex/generic/pgf/libraries\pgflibrarypatterns.code.tex
"
File: pgflibrarypatterns.code.tex 2020/01/08 v3.1.5b (3.1.5b)
))
("C:\Program Files\MiKTeX\tex/generic/pgf/frontendlayer/tikz/libraries\tikzlibr
aryplotmarks.code.tex"
File: tikzlibraryplotmarks.code.tex 2020/01/08 v3.1.5b (3.1.5b)

("C:\Program Files\MiKTeX\tex/generic/pgf/libraries\pgflibraryplotmarks.code.te
x"
File: pgflibraryplotmarks.code.tex 2020/01/08 v3.1.5b (3.1.5b)
))
("C:\Program Files\MiKTeX\tex/generic/pgf/frontendlayer/tikz/libraries\tikzlibr
arypositioning.code.tex"
File: tikzlibrarypositioning.code.tex 2020/01/08 v3.1.5b (3.1.5b)
)
("C:\Program Files\MiKTeX\tex/generic/pgf/frontendlayer/tikz/libraries\tikzlibr
aryshadows.code.tex"
File: tikzlibraryshadows.code.tex 2020/01/08 v3.1.5b (3.1.5b)

("C:\Program Files\MiKTeX\tex/generic/pgf/frontendlayer/tikz/libraries\tikzlibr
aryfadings.code.tex"
File: tikzlibraryfadings.code.tex 2020/01/08 v3.1.5b (3.1.5b)

("C:\Program Files\MiKTeX\tex/generic/pgf/libraries\pgflibraryfadings.code.tex"
File: pgflibraryfadings.code.tex 2020/01/08 v3.1.5b (3.1.5b)
)))
("C:\Program Files\MiKTeX\tex/generic/pgf/frontendlayer/tikz/libraries\tikzlibr
aryshapes.misc.code.tex"
File: tikzlibraryshapes.misc.code.tex 2020/01/08 v3.1.5b (3.1.5b)

("C:\Program Files\MiKTeX\tex/generic/pgf/libraries/shapes\pgflibraryshapes.mis
c.code.tex"
File: pgflibraryshapes.misc.code.tex 2020/01/08 v3.1.5b (3.1.5b)
))
("C:\Program Files\MiKTeX\tex/generic/pgf/frontendlayer/tikz/libraries\tikzlibr
arythrough.code.tex"
File: tikzlibrarythrough.code.tex 2020/01/08 v3.1.5b (3.1.5b)
)
(C:\Users\kng\AppData\Roaming\MiKTeX\tex/latex/numprint\numprint.sty
Package: numprint 2012/08/20 v1.39 Print numbers (HH)
\c@nprt@mantissa@digitsbefore=\count325
\c@nprt@mantissa@digitsafter=\count326
\c@nprt@exponent@digitsbefore=\count327
\c@nprt@exponent@digitsafter=\count328
\nprt@digitwidth=\skip70
\nprt@sepwidth=\skip71
\nprt@decimalwidth=\skip72
\nprt@blockwidth=\skip73
\nprt@digittoks=\toks55
\nprt@pretoks=\toks56
\nprt@posttoks=\toks57
\nprt@thisdigit=\count329
\nprt@curpos=\count330
\nprt@rndpos=\count331
\c@nprt@digitsfirstblock=\count332
\c@nprt@blockcnt=\count333
\c@nprt@cntprint=\count334

No configuration file `numprint.cfg' found.)
("C:\Program Files\MiKTeX\tex/latex/l3packages/xfp\xfp.sty"
("C:\Program Files\MiKTeX\tex/latex/l3kernel\expl3.sty"
Package: expl3 2020-08-07 L3 programming layer (loader) 

("C:\Program Files\MiKTeX\tex/latex/l3backend\l3backend-pdfmode.def"
File: l3backend-pdfmode.def 2020-08-07 L3 backend support: PDF mode
\l__kernel_color_stack_int=\count335
\l__pdf_internal_box=\box115
))
("C:\Program Files\MiKTeX\tex/latex/l3packages/xparse\xparse.sty"
Package: xparse 2020-05-15 L3 Experimental document command parser

("C:\Program Files\MiKTeX\tex/latex/l3packages/xparse\xparse-generic.tex"
\l__xparse_current_arg_int=\count336
\g__xparse_grabber_int=\count337
\l__xparse_m_args_int=\count338
\l__xparse_v_nesting_int=\count339
))
Package: xfp 2020-05-15 L3 Floating point unit
)
(C:\Users\kng\AppData\Roaming\MiKTeX\tex/latex/fp\fp.sty
Package: fp 1995/04/02

`Fixed Point Package', Version 0.8, April 2, 1995 (C) Michael Mehlich
(C:\Users\kng\AppData\Roaming\MiKTeX\tex/latex/fp\defpattern.sty
Package: defpattern 1994/10/12
\actioncount=\count340
)
(C:\Users\kng\AppData\Roaming\MiKTeX\tex/latex/fp\fp-basic.sty
Package: fp-basic 1996/05/13
\FP@xs=\count341
\FP@xia=\count342
\FP@xib=\count343
\FP@xfa=\count344
\FP@xfb=\count345
\FP@rega=\count346
\FP@regb=\count347
\FP@regs=\count348
\FP@times=\count349
)
(C:\Users\kng\AppData\Roaming\MiKTeX\tex/latex/fp\fp-addons.sty
Package: fp-addons 1995/03/15
)
(C:\Users\kng\AppData\Roaming\MiKTeX\tex/latex/fp\fp-snap.sty
Package: fp-snap 1995/04/05
)
(C:\Users\kng\AppData\Roaming\MiKTeX\tex/latex/fp\fp-exp.sty
Package: fp-exp 1995/04/03
)
(C:\Users\kng\AppData\Roaming\MiKTeX\tex/latex/fp\fp-trigo.sty
Package: fp-trigo 1995/04/14
)
(C:\Users\kng\AppData\Roaming\MiKTeX\tex/latex/fp\fp-pas.sty
Package: fp-pas 1994/08/29
)
(C:\Users\kng\AppData\Roaming\MiKTeX\tex/latex/fp\fp-random.sty
Package: fp-random 1995/02/23
\FPseed=\count350
)
(C:\Users\kng\AppData\Roaming\MiKTeX\tex/latex/fp\fp-eqn.sty
Package: fp-eqn 1995/04/03
)
(C:\Users\kng\AppData\Roaming\MiKTeX\tex/latex/fp\fp-upn.sty
Package: fp-upn 1996/10/21
)
(C:\Users\kng\AppData\Roaming\MiKTeX\tex/latex/fp\fp-eval.sty
Package: fp-eval 1995/04/03
))
\tkzRadius=\dimen291
\tkzLength=\dimen292
\tkz@radi=\dimen293
\tkz@ax=\dimen294
\tkz@ay=\dimen295
\tkz@bx=\dimen296
\tkz@by=\dimen297
\tkz@cx=\dimen298
\tkz@cy=\dimen299
\tkz@dx=\dimen300
\tkz@dy=\dimen301
\tkz@tax=\dimen302
\tkz@tay=\dimen303
\tkz@tbx=\dimen304
\tkz@tby=\dimen305
\tkz@tcx=\dimen306
\tkz@tcy=\dimen307
\tkz@tdx=\dimen308
\tkz@tdy=\dimen309
\tkz@cntmk=\count351

Local configuration file tkz-base.cfg found and used
(C:\Users\kng\AppData\Roaming\MiKTeX\tex/latex/tkz-base\tkz-base.cfg
2020/03/18 3.06c tkz-base.cfg
) (C:\Users\kng\AppData\Roaming\MiKTeX\tex/latex/tkz-base\tkz-tools-modules.tex
2020/03/18 3.06c tkz-tools-utilities.tex
) (C:\Users\kng\AppData\Roaming\MiKTeX\tex/latex/tkz-base\tkz-lib-marks.tex
2020/03/18 3.06c tkz-lib-symbols.tex
) (C:\Users\kng\AppData\Roaming\MiKTeX\tex/latex/tkz-base\tkz-tools-base.tex
2020/03/18 3.06c tkz-tools-base.tex
)
(C:\Users\kng\AppData\Roaming\MiKTeX\tex/latex/tkz-base\tkz-tools-utilities.tex
2020/03/18 3.06c tkz-tools-utilities.tex
) (C:\Users\kng\AppData\Roaming\MiKTeX\tex/latex/tkz-euclide\tkz-tools-math.tex
2020/03/18 3.06c tkz-tools-math.tex
) (C:\Users\kng\AppData\Roaming\MiKTeX\tex/latex/tkz-base\tkz-tools-text.tex
2020/03/18 3.06c tkz-tools-text.tex
) (C:\Users\kng\AppData\Roaming\MiKTeX\tex/latex/tkz-base\tkz-tools-BB.tex
2020/03/18 3.06c tkz-obj-BB.tex
) (C:\Users\kng\AppData\Roaming\MiKTeX\tex/latex/tkz-base\tkz-tools-arith.tex
2020/03/18 3.06c tkz-tools-arith.tex
File: tkz-tool-arith.tex tkz-tool-arith 3.02 c
) (C:\Users\kng\AppData\Roaming\MiKTeX\tex/latex/tkz-base\tkz-tools-print.tex
2020/03/18 3.06c tkz-tools-print.tex
) (C:\Users\kng\AppData\Roaming\MiKTeX\tex/latex/tkz-base\tkz-tools-misc.tex
2020/03/18 3.06c tkz-tools-misc.tex
) (C:\Users\kng\AppData\Roaming\MiKTeX\tex/latex/tkz-base\tkz-obj-axes.tex
2020/03/18 3.06c tkz-obj-axes.tex
) (C:\Users\kng\AppData\Roaming\MiKTeX\tex/latex/tkz-base\tkz-obj-grids.tex
2020/03/18 3.06c tkz-obj-grids.tex
) (C:\Users\kng\AppData\Roaming\MiKTeX\tex/latex/tkz-base\tkz-obj-marks.tex
2020/03/18 3.07c tkz-obj-marks.tex
) (C:\Users\kng\AppData\Roaming\MiKTeX\tex/latex/tkz-base\tkz-obj-points.tex
2020/03/18 3.06c tkz-obj-points.tex
) (C:\Users\kng\AppData\Roaming\MiKTeX\tex/latex/tkz-base\tkz-obj-rep.tex
2020/03/18 3.06c tkz-obj-rep.tex
))
(C:\Users\kng\AppData\Roaming\MiKTeX\tex/latex/tkz-euclide\tkz-tools-intersecti
ons.tex
2020/03/18 3.06c tkz-tools-intersections.tex
)
(C:\Users\kng\AppData\Roaming\MiKTeX\tex/latex/tkz-euclide\tkz-tools-angles.tex
2020/03/18 3.06c tkz-tools-angles.tex
)
(C:\Users\kng\AppData\Roaming\MiKTeX\tex/latex/tkz-euclide\tkz-obj-eu-angles.te
x
2020/03/18 3.06c tkz-tool-eu-angles.tex
\tkz@arcsize=\dimen310
\tkz@fillsize=\dimen311
)
(C:\Users\kng\AppData\Roaming\MiKTeX\tex/latex/tkz-euclide\tkz-obj-eu-arcs.tex
2020/03/23 3.06c tkz-obj-eu-arcs.tex
)
(C:\Users\kng\AppData\Roaming\MiKTeX\tex/latex/tkz-euclide\tkz-obj-eu-compass.t
ex
2020/03/18 3.06c tkz-obj-eu-compass.tex
)
(C:\Users\kng\AppData\Roaming\MiKTeX\tex/latex/tkz-euclide\tkz-obj-eu-circles.t
ex
2020/03/18 3.06c tkz-obj-eu-circles.tex
)
(C:\Users\kng\AppData\Roaming\MiKTeX\tex/latex/tkz-euclide\tkz-obj-eu-draw-circ
les.tex
2020/03/18 3.06c tkz-obj-eu-draw-circles.tex
)
(C:\Users\kng\AppData\Roaming\MiKTeX\tex/latex/tkz-euclide\tkz-obj-eu-draw-line
s.tex
2020/03/18 3.06c tkz-obj-eu-draw-lines.tex
)
(C:\Users\kng\AppData\Roaming\MiKTeX\tex/latex/tkz-euclide\tkz-obj-eu-draw-poly
gons.tex
2020/03/18 3.06c tkz-obj-eu-polygons.tex
)
(C:\Users\kng\AppData\Roaming\MiKTeX\tex/latex/tkz-euclide\tkz-obj-eu-draw-tria
ngles.tex)
(C:\Users\kng\AppData\Roaming\MiKTeX\tex/latex/tkz-euclide\tkz-obj-eu-lines.tex
2020/03/18 3.06c tkz-obj-eu-lines.tex
)
(C:\Users\kng\AppData\Roaming\MiKTeX\tex/latex/tkz-euclide\tkz-obj-eu-points.te
x
2020/03/18 3.06c tkz-obj-eu-points.tex
)
(C:\Users\kng\AppData\Roaming\MiKTeX\tex/latex/tkz-euclide\tkz-obj-eu-points-by
.tex
2020/03/18 3.06c tkz-tools-eu-points-by.tex
)
(C:\Users\kng\AppData\Roaming\MiKTeX\tex/latex/tkz-euclide\tkz-obj-eu-points-rn
d.tex
2020/03/18 3.06c tkz-obj-eu-points-rnd.tex
)
(C:\Users\kng\AppData\Roaming\MiKTeX\tex/latex/tkz-euclide\tkz-obj-eu-points-wi
th.tex
2020/03/18 3.06c tkz-obj-eu-points-with.tex
)
(C:\Users\kng\AppData\Roaming\MiKTeX\tex/latex/tkz-euclide\tkz-obj-eu-polygons.
tex
2020/03/18 3.06c tkz-obj-eu-polygons.tex
)
(C:\Users\kng\AppData\Roaming\MiKTeX\tex/latex/tkz-euclide\tkz-obj-eu-protracto
r.tex
2020/03/18 3.06c tkz-obj-eu-protractor.tex
)
(C:\Users\kng\AppData\Roaming\MiKTeX\tex/latex/tkz-euclide\tkz-obj-eu-sectors.t
ex
2020/03/18 3.06c tkz-obj-eu-sectors.tex
)
(C:\Users\kng\AppData\Roaming\MiKTeX\tex/latex/tkz-euclide\tkz-obj-eu-show.tex
2020/03/18 3.06c tkz-obj-eu-show.tex
)
(C:\Users\kng\AppData\Roaming\MiKTeX\tex/latex/tkz-euclide\tkz-obj-eu-triangles
.tex
2020/03/18 3.06c tkz-obj-eu-triangles.tex
)) (C:\Users\kng\AppData\Roaming\MiKTeX\tex/latex/tikz-3dplot\tikz-3dplot.sty
("C:\Program Files\MiKTeX\tex/generic/pgf/frontendlayer/tikz/libraries\tikzlibr
ary3d.code.tex"
File: tikzlibrary3d.code.tex 2020/01/08 v3.1.5b (3.1.5b)
))
(C:\Users\kng\AppData\Roaming\MiKTeX\tex/latex/siunitx\siunitx.sty
Package: siunitx 2020/02/25 v2.8b A comprehensive (SI) units package

("C:\Program Files\MiKTeX\tex/latex/l3packages/l3keys2e\l3keys2e.sty"
Package: l3keys2e 2020-05-15 LaTeX2e option processing using LaTeX3 keys
)
\l__siunitx_tmp_box=\box116
\l__siunitx_tmp_dim=\dimen312
\l__siunitx_tmp_int=\count352
\l__siunitx_number_mantissa_length_int=\count353
\l__siunitx_number_uncert_length_int=\count354
\l__siunitx_round_int=\count355
\l__siunitx_process_decimal_int=\count356
\l__siunitx_process_uncertainty_int=\count357
\l__siunitx_process_fixed_int=\count358
\l__siunitx_process_integer_min_int=\count359
\l__siunitx_process_precision_int=\count360
\l__siunitx_group_min_int=\count361
\l__siunitx_angle_marker_box=\box117
\l__siunitx_angle_unit_box=\box118
\l__siunitx_angle_marker_dim=\dimen313
\l__siunitx_angle_unit_dim=\dimen314
\l__siunitx_unit_int=\count362
\l__siunitx_unit_denominator_int=\count363
\l__siunitx_unit_numerator_int=\count364
\l__siunitx_unit_prefix_int=\count365
\l__siunitx_unit_prefix_base_int=\count366
\l__siunitx_unit_prefix_gram_int=\count367
\l__siunitx_number_product_int=\count368
\c__siunitx_one_fill_skip=\skip74
\l__siunitx_table_unit_align_skip=\skip75
\l__siunitx_table_exponent_dim=\dimen315
\l__siunitx_table_integer_dim=\dimen316
\l__siunitx_table_mantissa_dim=\dimen317
\l__siunitx_table_marker_dim=\dimen318
\l__siunitx_table_result_dim=\dimen319
\l__siunitx_table_uncert_dim=\dimen320
\l__siunitx_table_fill_pre_dim=\dimen321
\l__siunitx_table_fill_post_dim=\dimen322
\l__siunitx_table_fill_mid_dim=\dimen323
\l__siunitx_table_pre_box=\box119
\l__siunitx_table_post_box=\box120
\l__siunitx_table_mantissa_box=\box121
\l__siunitx_table_result_box=\box122
\l__siunitx_table_number_align_skip=\skip76
\l__siunitx_table_text_align_skip=\skip77

(C:\Users\kng\AppData\Roaming\MiKTeX\tex/latex/translator\translator.sty
Package: translator 2020-08-03 v1.12c Easy translation of strings in LaTeX
))
(C:\Users\kng\AppData\Roaming\MiKTeX\tex/latex/exsheets\exsheets.sty
Package: exsheets 2019/09/30 v0.21k Yet another package for the creation of exe
rcise sheets and exams.
\l__exsheets_tmpa_int=\count369
\l__exsheets_tmpb_int=\count370
\l__exsheets_tmpc_int=\count371
\l__exsheets_tmpd_int=\count372
\l__exsheets_tmpe_int=\count373
\g__exsheets_tmpa_int=\count374
\l__exsheets_tmpa_dim=\dimen324
\l__exsheets_tmpb_dim=\dimen325

("C:\Program Files\MiKTeX\tex/latex/l3packages/xtemplate\xtemplate.sty"
Package: xtemplate 2020-05-15 L3 Experimental prototype document functions
\l__xtemplate_tmp_dim=\dimen326
\l__xtemplate_tmp_int=\count375
\l__xtemplate_tmp_muskip=\muskip17
\l__xtemplate_tmp_skip=\skip78
)
("C:\Program Files\MiKTeX\tex/latex/environ\environ.sty"
Package: environ 2014/05/04 v0.3 A new way to define environments

("C:\Program Files\MiKTeX\tex/latex/trimspaces\trimspaces.sty"
Package: trimspaces 2009/09/17 v1.1 Trim spaces around a token list
))
\l__exsheets_variations_int=\count376
\g__exsheets_questions_id_int=\count377
\g__exsheets_questions_used_int=\count378
\l__exsheets_include_random_int=\count379
\l__exsheets_questions_set_int=\count380
\g__exsheets_select_random_int=\count381
\g__exsheets_selection_number_int=\count382
\l__exsheets_counter_ch_int=\count383
\l__exsheets_current_ch_int=\count384
\l__exsheets_counter_sec_int=\count385
\l__exsheets_current_sec_int=\count386
\l_exsheets_counter_qu_int=\count387
\l__exsheets_questions_skip_below_dim=\dimen327
\l__exsheets_solutions_skip_below_dim=\dimen328
\l__exsheets_blank_dim=\dimen329
\l__exsheets_blank_line_increment_dim=\dimen330
\l__exsheets_blank_line_minimum_length_dim=\dimen331
\l__exsheets_blank_box=\box123

(C:\Users\kng\AppData\Roaming\MiKTeX\tex/latex/cntformats\cntformats.sty
Package: cntformats 2014/07/20 v0.7 A different way to read counters. (CN)

(C:\Users\kng\AppData\Roaming\MiKTeX\tex/latex/cnltx\cnltx-base.sty
Package: cnltx-base 2019/11/01 v0.15 LaTeX tools and documenting facilities (CN
)

(C:\Users\kng\AppData\Roaming\MiKTeX\tex/latex/pgfopts\pgfopts.sty
Package: pgfopts 2014/07/10 v2.1a LaTeX package options with pgfkeys
\pgfopts@list@add@a@toks=\toks58
\pgfopts@list@add@b@toks=\toks59
)
(C:\Users\kng\AppData\Roaming\MiKTeX\tex/generic/ltxcmds\ltxcmds.sty
Package: ltxcmds 2020-05-10 v1.25 LaTeX kernel commands for general use (HO)
)
("C:\Program Files\MiKTeX\tex/generic/pdftexcmds\pdftexcmds.sty"
Package: pdftexcmds 2020-06-27 v0.33 Utility functions of pdfTeX for LuaTeX (HO
)

(C:\Users\kng\AppData\Roaming\MiKTeX\tex/generic/infwarerr\infwarerr.sty
Package: infwarerr 2019/12/03 v1.5 Providing info/warning/error messages (HO)
)
("C:\Program Files\MiKTeX\tex/generic/iftex\iftex.sty"
Package: iftex 2020/03/06 v1.0d TeX engine tests
)
Package pdftexcmds Info: \pdf@primitive is available.
Package pdftexcmds Info: \pdf@ifprimitive is available.
Package pdftexcmds Info: \pdfdraftmode found.
)
\c@cnltx@tmpa=\count388
\c@cnltx@tmpb=\count389
\c@cnltx@tmpc=\count390
\cnltx@tmpa@length=\skip79
\cnltx@tmpb@length=\skip80
\cnltx@tmpc@length=\skip81
))
\c@question=\count391

(C:\Users\kng\AppData\Roaming\MiKTeX\tex/latex/exsheets\exsheets_headings.def
File: exsheets_headings.def  2019/09/30 v0.21k ExSheets headings object
\l__exsheets_heading_above_dim=\dimen332
\l__exsheets_heading_below_dim=\dimen333
\l__exsheets_heading_main_coffin=\box124
\l__exsheets_heading_pre_coffin=\box125
\l__exsheets_heading_post_coffin=\box126
\l__exsheets_heading_title_coffin=\box127
\l__exsheets_heading_number_coffin=\box128
\l__exsheets_heading_points_coffin=\box129
\l__exsheets_heading_subtitle_coffin=\box130

Package xtemplate Info: Declaring object type 'exsheets-heading' taking 5
(xtemplate)             argument(s) on line 184.

)
(C:\Users\kng\AppData\Roaming\MiKTeX\tex/latex/exsheets\exsheets_headings.cfg
File: exsheets_headings.cfg  2019/09/30 v0.21k ExSheets headings instances 
)
(C:\Users\kng\AppData\Roaming\MiKTeX\tex/latex/tasks\tasks.sty
Package: tasks 2020/08/19 v1.3 lists with columns filled horizontally
\g__tasks_total_items_int=\count392
\l__tasks_columns_int=\count393
\g__tasks_rows_int=\count394
\g__tasks_current_col_num_int=\count395
\g__tasks_current_row_num_int=\count396
\l__tasks_item_columns_int=\count397
\g__tasks_env_int=\count398
\l__tasks_start_int=\count399
\l__tasks_item_indent_dim=\dimen334
\l__tasks_item_default_indent_dim=\dimen335
\l__tasks_item_width_dim=\dimen336
\l__tasks_label_width_dim=\dimen337
\l__tasks_label_default_width_dim=\dimen338
\l__tasks_label_offset_dim=\dimen339
\l__tasks_label_default_offset_dim=\dimen340
\l__tasks_column_sep_dim=\dimen341
\l__tasks_correction_dim=\dimen342
\l__tasks_full_width_dim=\dimen343
\l__tasks_after_item_skip=\skip82
\l__tasks_custom_after_item_skip=\skip83
\l__tasks_before_list_skip=\skip84
\l__tasks_after_list_skip=\skip85
\l__tasks_item_coffin=\box131
\l__tasks_label_coffin=\box132
\c@task=\count400
\l__tasks_tmpa_int=\count401
\l__tasks_tmpb_int=\count402
\l__tasks_tmpa_coffin=\box133
\l__tasks_tmpa_box=\box134

Package xtemplate Info: Declaring object type 'tasks' taking 3 argument(s) on
(xtemplate)             line 443.


(C:\Users\kng\AppData\Roaming\MiKTeX\tex/latex/tasks\tasks.cfg))
(C:\Users\kng\AppData\Roaming\MiKTeX\tex/latex/ulem\ulem.sty
\UL@box=\box135
\UL@hyphenbox=\box136
\UL@skip=\skip86
\UL@hook=\toks60
\UL@height=\dimen344
\UL@pe=\count403
\UL@pixel=\dimen345
\ULC@box=\box137
Package: ulem 2019/11/18
\ULdepth=\dimen346
)
(C:\Users\kng\AppData\Roaming\MiKTeX\tex/latex/translations\translations.sty
Package: translations 2020/04/28 v1.8b internationalization of LaTeX2e packages
 (CN)

(C:\Users\kng\AppData\Roaming\MiKTeX\tex/latex/koma-script\scrlfile.sty
Package: scrlfile 2020/09/21 v3.32 KOMA-Script package (file load hooks)

(C:\Users\kng\AppData\Roaming\MiKTeX\tex/latex/koma-script\scrlfile-patcholdlat
ex.sty
Package: scrlfile-patcholdlatex 2020/09/21 v3.32 KOMA-Script package (patching 
old LaTeX kernels)
 (C:\Users\kng\AppData\Roaming\MiKTeX\tex/latex/koma-script\scrlogo.sty
Package: scrlogo 2020/09/21 v3.32 KOMA-Script package (logo)
))))) (C:\Users\kng\AppData\Roaming\MiKTeX\tex/latex/multirow\multirow.sty
Package: multirow 2019/05/31 v2.5 Span multiple rows of a table
\multirow@colwidth=\skip87
\multirow@cntb=\count404
\multirow@dima=\skip88
\bigstrutjot=\dimen347
)
(C:\Users\kng\AppData\Roaming\MiKTeX\tex/latex/booktabs\booktabs.sty
Package: booktabs 2020/01/12 v1.61803398 Publication quality tables
\heavyrulewidth=\dimen348
\lightrulewidth=\dimen349
\cmidrulewidth=\dimen350
\belowrulesep=\dimen351
\belowbottomsep=\dimen352
\aboverulesep=\dimen353
\abovetopsep=\dimen354
\cmidrulesep=\dimen355
\cmidrulekern=\dimen356
\defaultaddspace=\dimen357
\@cmidla=\count405
\@cmidlb=\count406
\@aboverulesep=\dimen358
\@belowrulesep=\dimen359
\@thisruleclass=\count407
\@lastruleclass=\count408
\@thisrulewidth=\dimen360
)
(C:\Users\kng\AppData\Roaming\MiKTeX\tex/latex/adjustbox\adjustbox.sty
Package: adjustbox 2020/08/19 v1.3 Adjusting TeX boxes (trim, clip, ...)

(C:\Users\kng\AppData\Roaming\MiKTeX\tex/latex/adjustbox\adjcalc.sty
Package: adjcalc 2012/05/16 v1.1 Provides advanced setlength with multiple back
-ends (calc, etex, pgfmath)
)
(C:\Users\kng\AppData\Roaming\MiKTeX\tex/latex/adjustbox\trimclip.sty
Package: trimclip 2020/08/19 v1.2 Trim and clip general TeX material

(C:\Users\kng\AppData\Roaming\MiKTeX\tex/latex/collectbox\collectbox.sty
Package: collectbox 2012/05/17 v0.4b Collect macro arguments as boxes
\collectedbox=\box138
)
\tc@llx=\dimen361
\tc@lly=\dimen362
\tc@urx=\dimen363
\tc@ury=\dimen364
Package trimclip Info: Using driver 'tc-pdftex.def'.

(C:\Users\kng\AppData\Roaming\MiKTeX\tex/latex/adjustbox\tc-pdftex.def
File: tc-pdftex.def 2019/01/04 v2.2 Clipping driver for pdftex
))
\adjbox@Width=\dimen365
\adjbox@Height=\dimen366
\adjbox@Depth=\dimen367
\adjbox@Totalheight=\dimen368
\adjbox@pwidth=\dimen369
\adjbox@pheight=\dimen370
\adjbox@pdepth=\dimen371
\adjbox@ptotalheight=\dimen372

(C:\Users\kng\AppData\Roaming\MiKTeX\tex/latex/ifoddpage\ifoddpage.sty
Package: ifoddpage 2016/04/23 v1.1 Conditionals for odd/even page detection
\c@checkoddpage=\count409
)
(C:\Users\kng\AppData\Roaming\MiKTeX\tex/latex/varwidth\varwidth.sty
Package: varwidth 2009/03/30 ver 0.92;  Variable-width minipages
\@vwid@box=\box139
\sift@deathcycles=\count410
\@vwid@loff=\dimen373
\@vwid@roff=\dimen374
))
(C:\Users\kng\AppData\Roaming\MiKTeX\tex/latex/polynom\polynom.sty
Package: polynom 2017/07/17 0.19 (CH,HA)
\pld@currstage=\count411
)
(C:\Users\kng\AppData\Roaming\MiKTeX\tex/latex/jknappen\mathrsfs.sty
Package: mathrsfs 1996/01/01 Math RSFS package v1.0 (jk)
\symrsfs=\mathgroup9
)
("C:\Program Files\MiKTeX\tex/latex/pgfplots\pgfplots.sty"
("C:\Program Files\MiKTeX\tex/generic/pgfplots\pgfplots.revision.tex")
Package: pgfplots 2020/02/29 v1.17 Data Visualization (1.17)

("C:\Program Files\MiKTeX\tex/generic/pgfplots\pgfplots.code.tex"
("C:\Program Files\MiKTeX\tex/generic/pgfplots\pgfplotscore.code.tex"
\t@pgfplots@toka=\toks61
\t@pgfplots@tokb=\toks62
\t@pgfplots@tokc=\toks63
\pgfplots@tmpa=\dimen375
\c@pgfplots@coordindex=\count412
\c@pgfplots@scanlineindex=\count413

("C:\Program Files\MiKTeX\tex/generic/pgfplots/sys\pgfplotssysgeneric.code.tex"
)) ("C:\Program Files\MiKTeX\tex/generic/pgfplots/libs\pgfplotslibrary.code.tex
")
("C:\Program Files\MiKTeX\tex/generic/pgfplots/oldpgfcompatib\pgfplotsoldpgfsup
p_loader.code.tex")
("C:\Program Files\MiKTeX\tex/generic/pgfplots/util\pgfplotsutil.code.tex"
("C:\Program Files\MiKTeX\tex/generic/pgfplots/liststructure\pgfplotsliststruct
ure.code.tex")
("C:\Program Files\MiKTeX\tex/generic/pgfplots/liststructure\pgfplotsliststruct
ureext.code.tex")
("C:\Program Files\MiKTeX\tex/generic/pgfplots/liststructure\pgfplotsarray.code
.tex"
\c@pgfplotsarray@tmp=\count414
)
("C:\Program Files\MiKTeX\tex/generic/pgfplots/liststructure\pgfplotsmatrix.cod
e.tex")
("C:\Program Files\MiKTeX\tex/generic/pgfplots/numtable\pgfplotstableshared.cod
e.tex"
\c@pgfplotstable@counta=\count415
\t@pgfplotstable@a=\toks64
)
("C:\Program Files\MiKTeX\tex/generic/pgfplots/liststructure\pgfplotsdeque.code
.tex")
("C:\Program Files\MiKTeX\tex/generic/pgfplots/util\pgfplotsbinary.code.tex"
("C:\Program Files\MiKTeX\tex/generic/pgfplots/util\pgfplotsbinary.data.code.te
x"))
("C:\Program Files\MiKTeX\tex/generic/pgfplots/util\pgfplotsutil.verb.code.tex"
)
("C:\Program Files\MiKTeX\tex/generic/pgfplots/libs\pgflibrarypgfplots.surfshad
ing.code.tex"
\c@pgfplotslibrarysurf@no=\count416

("C:\Program Files\MiKTeX\tex/generic/pgfplots/sys\pgflibrarypgfplots.surfshadi
ng.pgfsys-pdftex.def")))
("C:\Program Files\MiKTeX\tex/generic/pgfplots/util\pgfplotscolormap.code.tex"
("C:\Program Files\MiKTeX\tex/generic/pgfplots/util\pgfplotscolor.code.tex"))
("C:\Program Files\MiKTeX\tex/generic/pgfplots\pgfplotsstackedplots.code.tex")
("C:\Program Files\MiKTeX\tex/generic/pgfplots\pgfplotsplothandlers.code.tex"
("C:\Program Files\MiKTeX\tex/generic/pgfplots\pgfplotsmeshplothandler.code.tex
" ("C:\Program Files\MiKTeX\tex/generic/pgfplots\pgfplotsmeshplotimage.code.tex
"))) ("C:\Program Files\MiKTeX\tex/generic/pgfplots\pgfplots.scaling.code.tex")
("C:\Program Files\MiKTeX\tex/generic/pgfplots\pgfplotscoordprocessing.code.tex
") ("C:\Program Files\MiKTeX\tex/generic/pgfplots\pgfplots.errorbars.code.tex")
("C:\Program Files\MiKTeX\tex/generic/pgfplots\pgfplots.markers.code.tex")
("C:\Program Files\MiKTeX\tex/generic/pgfplots\pgfplotsticks.code.tex")
("C:\Program Files\MiKTeX\tex/generic/pgfplots\pgfplots.paths.code.tex")
\pgfplots@numplots=\count417
\pgfplots@xmin@reg=\dimen376
\pgfplots@xmax@reg=\dimen377
\pgfplots@ymin@reg=\dimen378
\pgfplots@ymax@reg=\dimen379
\pgfplots@zmin@reg=\dimen380
\pgfplots@zmax@reg=\dimen381
))
(C:\Users\kng\AppData\Roaming\MiKTeX\tex/latex/tagging\tagging.sty
Package: tagging 2019/09/09 v1.1.0.1
)
("C:\Program Files\MiKTeX\tex/latex/hyperref\hyperref.sty"
Package: hyperref 2020-05-15 v7.00e Hypertext links for LaTeX

(C:\Users\kng\AppData\Roaming\MiKTeX\tex/generic/kvsetkeys\kvsetkeys.sty
Package: kvsetkeys 2019/12/15 v1.18 Key value parser (HO)
)
(C:\Users\kng\AppData\Roaming\MiKTeX\tex/generic/kvdefinekeys\kvdefinekeys.sty
Package: kvdefinekeys 2019-12-19 v1.6 Define keys (HO)
) (C:\Users\kng\AppData\Roaming\MiKTeX\tex/generic/pdfescape\pdfescape.sty
Package: pdfescape 2019/12/09 v1.15 Implements pdfTeX's escape features (HO)
)
(C:\Users\kng\AppData\Roaming\MiKTeX\tex/latex/hycolor\hycolor.sty
Package: hycolor 2020-01-27 v1.10 Color options for hyperref/bookmark (HO)
)
(C:\Users\kng\AppData\Roaming\MiKTeX\tex/latex/letltxmacro\letltxmacro.sty
Package: letltxmacro 2019/12/03 v1.6 Let assignment for LaTeX macros (HO)
)
(C:\Users\kng\AppData\Roaming\MiKTeX\tex/latex/auxhook\auxhook.sty
Package: auxhook 2019-12-17 v1.6 Hooks for auxiliary files (HO)
)
(C:\Users\kng\AppData\Roaming\MiKTeX\tex/latex/kvoptions\kvoptions.sty
Package: kvoptions 2019/11/29 v3.13 Key value format for package options (HO)
)
\@linkdim=\dimen382
\Hy@linkcounter=\count418
\Hy@pagecounter=\count419

("C:\Program Files\MiKTeX\tex/latex/hyperref\pd1enc.def"
File: pd1enc.def 2020-05-15 v7.00e Hyperref: PDFDocEncoding definition (HO)
Now handling font encoding PD1 ...
... no UTF-8 mapping file for font encoding PD1
)
(C:\Users\kng\AppData\Roaming\MiKTeX\tex/generic/intcalc\intcalc.sty
Package: intcalc 2019/12/15 v1.3 Expandable calculations with integers (HO)
)
(C:\Users\kng\AppData\Roaming\MiKTeX\tex/generic/etexcmds\etexcmds.sty
Package: etexcmds 2019/12/15 v1.7 Avoid name clashes with e-TeX commands (HO)
)
\Hy@SavedSpaceFactor=\count420
Package hyperref Info: Hyper figures OFF on input line 4464.
Package hyperref Info: Link nesting OFF on input line 4469.
Package hyperref Info: Hyper index ON on input line 4472.
Package hyperref Info: Plain pages OFF on input line 4479.
Package hyperref Info: Backreferencing OFF on input line 4484.
Package hyperref Info: Implicit mode ON; LaTeX internals redefined.
Package hyperref Info: Bookmarks ON on input line 4717.
\c@Hy@tempcnt=\count421

("C:\Program Files\MiKTeX\tex/latex/url\url.sty"
\Urlmuskip=\muskip18
Package: url 2013/09/16  ver 3.4  Verb mode for urls, etc.
)
LaTeX Info: Redefining \url on input line 5076.
\XeTeXLinkMargin=\dimen383

(C:\Users\kng\AppData\Roaming\MiKTeX\tex/generic/bitset\bitset.sty
Package: bitset 2019/12/09 v1.3 Handle bit-vector datatype (HO)

(C:\Users\kng\AppData\Roaming\MiKTeX\tex/generic/bigintcalc\bigintcalc.sty
Package: bigintcalc 2019/12/15 v1.5 Expandable calculations on big integers (HO
)
))
\Fld@menulength=\count422
\Field@Width=\dimen384
\Fld@charsize=\dimen385
Package hyperref Info: Hyper figures OFF on input line 6347.
Package hyperref Info: Link nesting OFF on input line 6352.
Package hyperref Info: Hyper index ON on input line 6355.
Package hyperref Info: backreferencing OFF on input line 6362.
Package hyperref Info: Link coloring OFF on input line 6367.
Package hyperref Info: Link coloring with OCG OFF on input line 6372.
Package hyperref Info: PDF/A mode OFF on input line 6377.
LaTeX Info: Redefining \ref on input line 6417.
LaTeX Info: Redefining \pageref on input line 6421.

(C:\Users\kng\AppData\Roaming\MiKTeX\tex/generic/atbegshi\atbegshi.sty
Package: atbegshi 2019/12/05 v1.19 At begin shipout hook (HO)
)
\Hy@abspage=\count423
\c@Item=\count424
\c@Hfootnote=\count425
)
Package hyperref Info: Driver (autodetected): hpdftex.

("C:\Program Files\MiKTeX\tex/latex/hyperref\hpdftex.def"
File: hpdftex.def 2020-05-15 v7.00e Hyperref driver for pdfTeX

(C:\Users\kng\AppData\Roaming\MiKTeX\tex/latex/atveryend\atveryend.sty
Package: atveryend 2019-12-11 v1.11 Hooks at the very end of document (HO)
)
\Fld@listcount=\count426
\c@bookmark@seq@number=\count427

(C:\Users\kng\AppData\Roaming\MiKTeX\tex/latex/rerunfilecheck\rerunfilecheck.st
y
Package: rerunfilecheck 2019/12/05 v1.9 Rerun checks for auxiliary files (HO)

(C:\Users\kng\AppData\Roaming\MiKTeX\tex/generic/uniquecounter\uniquecounter.st
y
Package: uniquecounter 2019/12/15 v1.4 Provide unlimited unique counter (HO)
)
Package uniquecounter Info: New unique counter `rerunfilecheck' on input line 2
86.
)
\Hy@SectionHShift=\skip89
)) (C:\Users\kng\AppData\Roaming\MiKTeX\tex/latex/cleveref\cleveref.sty
Package: cleveref 2018/03/27 v0.21.4 Intelligent cross-referencing
Package cleveref Info: `hyperref' support loaded on input line 2370.
LaTeX Info: Redefining \cref on input line 2370.
LaTeX Info: Redefining \Cref on input line 2370.
LaTeX Info: Redefining \crefrange on input line 2370.
LaTeX Info: Redefining \Crefrange on input line 2370.
LaTeX Info: Redefining \cpageref on input line 2370.
LaTeX Info: Redefining \Cpageref on input line 2370.
LaTeX Info: Redefining \cpagerefrange on input line 2370.
LaTeX Info: Redefining \Cpagerefrange on input line 2370.
LaTeX Info: Redefining \labelcref on input line 2370.
LaTeX Info: Redefining \labelcpageref on input line 2370.
Package cleveref Info: `amsthm' support loaded on input line 3026.
)
(C:\Users\kng\AppData\Roaming\MiKTeX\tex/latex/circuitikz\circuitikz.sty
Package: circuitikz 2020/10/04{} The CircuiTikz circuit drawing package version
 1.2.4

("C:\Program Files\MiKTeX\tex/generic/pgf/frontendlayer/tikz/libraries\tikzlibr
arybending.code.tex"
File: tikzlibrarybending.code.tex 2020/01/08 v3.1.5b (3.1.5b)

("C:\Program Files\MiKTeX\tex/generic/pgf/modules\pgfmodulebending.code.tex"
File: pgfmodulebending.code.tex 2020/01/08 v3.1.5b (3.1.5b)

("C:\Program Files\MiKTeX\tex/generic/pgf/modules\pgfmodulenonlineartransformat
ions.code.tex"
File: pgfmodulenonlineartransformations.code.tex 2020/01/08 v3.1.5b (3.1.5b)
\pgftransformnonlinearflatness=\dimen386
)
("C:\Program Files\MiKTeX\tex/generic/pgf/libraries\pgflibrarycurvilinear.code.
tex"
File: pgflibrarycurvilinear.code.tex 2020/01/08 v3.1.5b (3.1.5b)
\pgf@curvilinear@time@a=\dimen387
\pgf@curvilinear@length@a=\dimen388
\pgf@curvilinear@length@b=\dimen389
\pgf@curvilinear@length@c=\dimen390
\pgf@curvilinear@length@d=\dimen391
)
\pgf@arrows@the@rigidity=\dimen392
))
("C:\Program Files\MiKTeX\tex/generic/pgf/frontendlayer/tikz/libraries\tikzlibr
aryfpu.code.tex")
(C:\Users\kng\AppData\Roaming\MiKTeX\tex/generic/circuitikz\pgfcirc.defines.tex
\pgf@circ@count@a=\count428
\pgf@circ@count@b=\count429
\pgf@circ@count@c=\count430
\pgf@circ@res@up=\dimen393
\pgf@circ@res@down=\dimen394
\pgf@circ@res@zero=\dimen395
\pgf@circ@res@left=\dimen396
\pgf@circ@res@right=\dimen397
\pgf@circ@res@other=\dimen398
\pgf@circ@res@step=\dimen399
\pgf@circ@res@temp=\dimen400
\pgf@circ@Rlen=\dimen401
\pgf@circ@scaled@Rlen=\dimen402
\pgfstartlinewidth=\dimen403
) (C:\Users\kng\AppData\Roaming\MiKTeX\tex/generic/circuitikz\pgfcircutils.tex)
(C:\Users\kng\AppData\Roaming\MiKTeX\tex/generic/circuitikz\pgfcircshapes.tex)
(C:\Users\kng\AppData\Roaming\MiKTeX\tex/generic/circuitikz\pgfcircmonopoles.te
x)
(C:\Users\kng\AppData\Roaming\MiKTeX\tex/generic/circuitikz\pgfcircbipoles.tex)

(C:\Users\kng\AppData\Roaming\MiKTeX\tex/generic/circuitikz\pgfcirctripoles.tex
\pgf@circ@res@count=\count431
)
(C:\Users\kng\AppData\Roaming\MiKTeX\tex/generic/circuitikz\pgfcircquadpoles.te
x)
(C:\Users\kng\AppData\Roaming\MiKTeX\tex/generic/circuitikz\pgfcircmultipoles.t
ex)
(C:\Users\kng\AppData\Roaming\MiKTeX\tex/generic/circuitikz\pgfcirclabel.tex)
(C:\Users\kng\AppData\Roaming\MiKTeX\tex/generic/circuitikz\pgfcircvoltage.tex
\pgfcirc@labelshift=\dimen404
) (C:\Users\kng\AppData\Roaming\MiKTeX\tex/generic/circuitikz\pgfcirccurrent.te
x) (C:\Users\kng\AppData\Roaming\MiKTeX\tex/generic/circuitikz\pgfcircflow.tex)

(C:\Users\kng\AppData\Roaming\MiKTeX\tex/generic/circuitikz\pgfcircpath.tex)

Package circuitikz Warning: You did not specify one of the voltage directions:
(circuitikz)                  oldvoltagedirection, nooldvoltagedirection, 
(circuitikz)                  RPvoltages or EFvoltages 
(circuitikz)                Default directions may have changed, 
(circuitikz)                please check the manual.

) ("C:\Program Files\MiKTeX\tex/generic/babel\babel.sty"
Package: babel 2020/07/13 3.47 The Babel package

("C:\Program Files\MiKTeX\tex/generic/babel\babel.def"
File: babel.def 2020/07/13 3.47 Babel common definitions
\babel@savecnt=\count432
\U@D=\dimen405
\l@babelnohyphens=\language79

("C:\Program Files\MiKTeX\tex/generic/babel\txtbabel.def")
\bbl@readstream=\read4
)
\bbl@dirlevel=\count433

*************************************
* Local config file bblopts.cfg used
*
("C:\Program Files\MiKTeX\tex/latex/arabi\bblopts.cfg"
File: bblopts.cfg 2005/09/08 v0.1 add Arabic and Farsi to "declared" options of
 babel
)
(C:\Users\kng\AppData\Roaming\MiKTeX\tex/latex/babel-german\ngerman.ldf
Language: ngerman 2020/07/21 v2.12 German support for babel (post-1996 orthogra
phy)

(C:\Users\kng\AppData\Roaming\MiKTeX\tex/latex/babel-german\ngermanb.ldf
Language: ngermanb 2020/07/21 v2.12 German support for babel (post-1996 orthogr
aphy)
Package babel Info: Making " an active character on input line 121.
)))
(C:\Users\kng\AppData\Roaming\MiKTeX\tex/latex/cprotect\cprotect.sty
Package: cprotect 2011/01/27 v1.0e (Bruno Le Floch)

(C:\Users\kng\AppData\Roaming\MiKTeX\tex/latex/bigfoot\suffix.sty
Package: suffix 2006/07/15 1.5a Variant command support
)
\CPT@WriteOut=\write4
\c@CPT@WriteCount=\count434
\c@CPT@numB=\count435
\CPT@commandatend@toks=\toks65
)
(C:\Users\kng\AppData\Roaming\MiKTeX\tex/latex/numprint\nbaseprt.sty
Package: nbaseprt 2004/12/14 v0.11 Print numbers with numerical bases (HH)


*************************************************************

Package nbaseprt Warning: This version of nbaseprt.sty is a BETA VERSION.
(nbaseprt)                The main command \nbaseprint will stay stable but
(nbaseprt)                all configuration commands and the output of
(nbaseprt)                \nbaseprint may change in future.
(nbaseprt)                Please give me feedback what can be improved and if
(nbaseprt)                the abbreviations for the different number bases are
(nbaseprt)                correct.

*************************************************************

) (_head_tex/commands.tex) (_head_tex/style.tex
\c@aufgabe=\count436

(C:\Users\kng\AppData\Roaming\MiKTeX\tex/latex/geometry\geometry.sty
Package: geometry 2020/01/02 v5.9 Page Geometry

("C:\Program Files\MiKTeX\tex/generic/iftex\ifvtex.sty"
Package: ifvtex 2019/10/25 v1.7 ifvtex legacy package. Use iftex instead.
)
\Gm@cnth=\count437
\Gm@cntv=\count438
\c@Gm@tempcnt=\count439
\Gm@bindingoffset=\dimen406
\Gm@wd@mp=\dimen407
\Gm@odd@mp=\dimen408
\Gm@even@mp=\dimen409
\Gm@layoutwidth=\dimen410
\Gm@layoutheight=\dimen411
\Gm@layouthoffset=\dimen412
\Gm@layoutvoffset=\dimen413
\Gm@dimlist=\toks66

(C:\Users\kng\AppData\Roaming\MiKTeX\tex/latex/geometry\geometry.cfg))
(C:\Users\kng\AppData\Roaming\MiKTeX\tex/latex/mdframed\mdframed.sty
Package: mdframed 2013/07/01 1.9b: mdframed

(C:\Users\kng\AppData\Roaming\MiKTeX\tex/latex/zref\zref-abspage.sty
Package: zref-abspage 2020-07-03 v2.32 Module abspage for zref (HO)

(C:\Users\kng\AppData\Roaming\MiKTeX\tex/latex/zref\zref-base.sty
Package: zref-base 2020-07-03 v2.32 Module base for zref (HO)
Package zref Info: New property list: main on input line 764.
Package zref Info: New property: default on input line 765.
Package zref Info: New property: page on input line 766.
)
\c@abspage=\count440
Package zref Info: New property: abspage on input line 66.
)
(C:\Users\kng\AppData\Roaming\MiKTeX\tex/latex/needspace\needspace.sty
Package: needspace 2010/09/12 v1.3d reserve vertical space
)
\mdf@templength=\skip90
\c@mdf@globalstyle@cnt=\count441
\mdf@skipabove@length=\skip91
\mdf@skipbelow@length=\skip92
\mdf@leftmargin@length=\skip93
\mdf@rightmargin@length=\skip94
\mdf@innerleftmargin@length=\skip95
\mdf@innerrightmargin@length=\skip96
\mdf@innertopmargin@length=\skip97
\mdf@innerbottommargin@length=\skip98
\mdf@splittopskip@length=\skip99
\mdf@splitbottomskip@length=\skip100
\mdf@outermargin@length=\skip101
\mdf@innermargin@length=\skip102
\mdf@linewidth@length=\skip103
\mdf@innerlinewidth@length=\skip104
\mdf@middlelinewidth@length=\skip105
\mdf@outerlinewidth@length=\skip106
\mdf@roundcorner@length=\skip107
\mdf@footenotedistance@length=\skip108
\mdf@userdefinedwidth@length=\skip109
\mdf@needspace@length=\skip110
\mdf@frametitleaboveskip@length=\skip111
\mdf@frametitlebelowskip@length=\skip112
\mdf@frametitlerulewidth@length=\skip113
\mdf@frametitleleftmargin@length=\skip114
\mdf@frametitlerightmargin@length=\skip115
\mdf@shadowsize@length=\skip116
\mdf@extratopheight@length=\skip117
\mdf@subtitleabovelinewidth@length=\skip118
\mdf@subtitlebelowlinewidth@length=\skip119
\mdf@subtitleaboveskip@length=\skip120
\mdf@subtitlebelowskip@length=\skip121
\mdf@subtitleinneraboveskip@length=\skip122
\mdf@subtitleinnerbelowskip@length=\skip123
\mdf@subsubtitleabovelinewidth@length=\skip124
\mdf@subsubtitlebelowlinewidth@length=\skip125
\mdf@subsubtitleaboveskip@length=\skip126
\mdf@subsubtitlebelowskip@length=\skip127
\mdf@subsubtitleinneraboveskip@length=\skip128
\mdf@subsubtitleinnerbelowskip@length=\skip129

(C:\Users\kng\AppData\Roaming\MiKTeX\tex/latex/mdframed\md-frame-1.mdf
File: md-frame-1.mdf 2013/07/01\ 1.9b: md-frame-1
)
\mdf@frametitlebox=\box140
\mdf@footnotebox=\box141
\mdf@splitbox@one=\box142
\mdf@splitbox@two=\box143
\mdf@splitbox@save=\box144
\mdfsplitboxwidth=\skip130
\mdfsplitboxtotalwidth=\skip131
\mdfsplitboxheight=\skip132
\mdfsplitboxdepth=\skip133
\mdfsplitboxtotalheight=\skip134
\mdfframetitleboxwidth=\skip135
\mdfframetitleboxtotalwidth=\skip136
\mdfframetitleboxheight=\skip137
\mdfframetitleboxdepth=\skip138
\mdfframetitleboxtotalheight=\skip139
\mdffootnoteboxwidth=\skip140
\mdffootnoteboxtotalwidth=\skip141
\mdffootnoteboxheight=\skip142
\mdffootnoteboxdepth=\skip143
\mdffootnoteboxtotalheight=\skip144
\mdftotallinewidth=\skip145
\mdfboundingboxwidth=\skip146
\mdfboundingboxtotalwidth=\skip147
\mdfboundingboxheight=\skip148
\mdfboundingboxdepth=\skip149
\mdfboundingboxtotalheight=\skip150
\mdf@freevspace@length=\skip151
\mdf@horizontalwidthofbox@length=\skip152
\mdf@verticalmarginwhole@length=\skip153
\mdf@horizontalspaceofbox=\skip154
\mdfsubtitleheight=\skip155
\mdfsubsubtitleheight=\skip156
\c@mdfcountframes=\count442

****** mdframed patching \endmdf@trivlist

****** -- success******

\mdf@envdepth=\count443
\c@mdf@env@i=\count444
\c@mdf@env@ii=\count445
\c@mdf@zref@counter=\count446
Package zref Info: New property: mdf@pagevalue on input line 895.
)
\c@definition=\count447
\c@theorem=\count448
\c@assignment=\count449
\c@auftrag=\count450
\c@example=\count451
))
("C:\Program Files\MiKTeX\tex/latex/listings\listings.sty"
\lst@mode=\count452
\lst@gtempboxa=\box145
\lst@token=\toks67
\lst@length=\count453
\lst@currlwidth=\dimen414
\lst@column=\count454
\lst@pos=\count455
\lst@lostspace=\dimen415
\lst@width=\dimen416
\lst@newlines=\count456
\lst@lineno=\count457
\lst@maxwidth=\dimen417

("C:\Program Files\MiKTeX\tex/latex/listings\lstmisc.sty"
File: lstmisc.sty 2020/03/24 1.8d (Carsten Heinz)
\c@lstnumber=\count458
\lst@skipnumbers=\count459
\lst@framebox=\box146
)
("C:\Program Files\MiKTeX\tex/latex/listings\listings.cfg"
File: listings.cfg 2020/03/24 1.8d listings configuration
))
Package: listings 2020/03/24 1.8d (Carsten Heinz)

(2020_21_gfif_zahlensysteme.aux)
\openout1 = `2020_21_gfif_zahlensysteme.aux'.

LaTeX Font Info:    Checking defaults for OML/cmm/m/it on input line 267.
LaTeX Font Info:    ... okay on input line 267.
LaTeX Font Info:    Checking defaults for OMS/cmsy/m/n on input line 267.
LaTeX Font Info:    ... okay on input line 267.
LaTeX Font Info:    Checking defaults for OT1/cmr/m/n on input line 267.
LaTeX Font Info:    ... okay on input line 267.
LaTeX Font Info:    Checking defaults for T1/cmr/m/n on input line 267.
LaTeX Font Info:    ... okay on input line 267.
LaTeX Font Info:    Checking defaults for TS1/cmr/m/n on input line 267.
LaTeX Font Info:    ... okay on input line 267.
LaTeX Font Info:    Checking defaults for OMX/cmex/m/n on input line 267.
LaTeX Font Info:    ... okay on input line 267.
LaTeX Font Info:    Checking defaults for U/cmr/m/n on input line 267.
LaTeX Font Info:    ... okay on input line 267.
LaTeX Font Info:    Checking defaults for PD1/pdf/m/n on input line 267.
LaTeX Font Info:    ... okay on input line 267.

("C:\Program Files\MiKTeX\tex/context/base/mkii\supp-pdf.mkii"
[Loading MPS to PDF converter (version 2006.09.02).]
\scratchcounter=\count460
\scratchdimen=\dimen418
\scratchbox=\box147
\nofMPsegments=\count461
\nofMParguments=\count462
\everyMPshowfont=\toks68
\MPscratchCnt=\count463
\MPscratchDim=\dimen419
\MPnumerator=\count464
\makeMPintoPDFobject=\count465
\everyMPtoPDFconversion=\toks69
) ("C:\Program Files\MiKTeX\tex/latex/epstopdf-pkg\epstopdf-base.sty"
Package: epstopdf-base 2020-01-24 v2.11 Base part for package epstopdf
Package epstopdf-base Info: Redefining graphics rule for `.eps' on input line 4
85.
)
Package caption Info: Begin \AtBeginDocument code.
Package caption Info: hyperref package is loaded.
Package caption Info: listings package is loaded.
Package caption Info: End \AtBeginDocument code.

ABD: EveryShipout initializing macros
(C:\Users\kng\AppData\Roaming\MiKTeX\tex/latex/translator\translator-basic-dict
ionary-English.dict
Dictionary: translator-basic-dictionary, Language: English 
)
(C:\Users\kng\AppData\Roaming\MiKTeX\tex/latex/siunitx\siunitx-abbreviations.cf
g
File: siunitx-abbreviations.cfg 2017/11/26 v2.7k siunitx: Abbreviated units
)
(C:\Users\kng\AppData\Roaming\MiKTeX\tex/latex/translations/dicts\translations-
basic-dictionary-german.trsl
File: translations-basic-dictionary-german.trsl (german translation file `trans
lations-basic-dictionary')
)
Package translations Info: loading dictionary `translations-basic-dictionary' f
or `german'. on input line 267.

Package exsheets Info: Loading custom configurations file
(exsheets)             `exsheets_configurations.cfg'.


(C:\Users\kng\AppData\Roaming\MiKTeX\tex/latex/exsheets\exsheets_configurations
.cfg
File: exsheets_configurations.cfg 
)
Package pgfplots notification 'compat/show suggested version=true': you might b
enefit from \pgfplotsset{compat=1.17} (current compat level: 1.16).

\AtBeginShipoutBox=\box148
Package hyperref Info: Link coloring OFF on input line 267.
("C:\Program Files\MiKTeX\tex/latex/hyperref\nameref.sty"
Package: nameref 2019/09/16 v2.46 Cross-referencing by name of section

(C:\Users\kng\AppData\Roaming\MiKTeX\tex/latex/refcount\refcount.sty
Package: refcount 2019/12/15 v3.6 Data extraction from label references (HO)
)
(C:\Users\kng\AppData\Roaming\MiKTeX\tex/generic/gettitlestring\gettitlestring.
sty
Package: gettitlestring 2019/12/15 v1.6 Cleanup title references (HO)
)
\c@section@level=\count466
)
LaTeX Info: Redefining \ref on input line 267.
LaTeX Info: Redefining \pageref on input line 267.
LaTeX Info: Redefining \nameref on input line 267.
 (2020_21_gfif_zahlensysteme.out) (2020_21_gfif_zahlensysteme.out)
\@outlinefile=\write5
\openout5 = `2020_21_gfif_zahlensysteme.out'.


*geometry* driver: auto-detecting
*geometry* detected driver: pdftex
*geometry* verbose mode - [ preamble ] result:
* driver: pdftex
* paper: a4paper
* layout: <same size as paper>
* layoutoffset:(h,v)=(0.0pt,0.0pt)
* modes: twoside 
* h-part:(L,W,R)=(72.26999pt, 452.9679pt, 72.26999pt)
* v-part:(T,H,B)=(51.21504pt, 721.56181pt, 72.26999pt)
* \paperwidth=597.50787pt
* \paperheight=845.04684pt
* \textwidth=452.9679pt
* \textheight=721.56181pt
* \oddsidemargin=0.0pt
* \evensidemargin=0.0pt
* \topmargin=-47.28131pt
* \headheight=12.0pt
* \headsep=14.22636pt
* \topskip=11.0pt
* \footskip=30.0pt
* \marginparwidth=54.2025pt
* \marginparsep=10.0pt
* \columnsep=10.0pt
* \skip\footins=10.0pt plus 4.0pt minus 2.0pt
* \hoffset=0.0pt
* \voffset=0.0pt
* \mag=1000
* \@twocolumnfalse
* \@twosidetrue
* \@mparswitchtrue
* \@reversemarginfalse
* (1in=72.27pt=25.4mm, 1cm=28.453pt)

\c@lstlisting=\count467
LaTeX Font Info:    Trying to load font information for U+msa on input line 267
.
("C:\Program Files\MiKTeX\tex/latex/amsfonts\umsa.fd"
File: umsa.fd 2013/01/14 v3.01 AMS symbols A
)
LaTeX Font Info:    Trying to load font information for U+msb on input line 267
.

("C:\Program Files\MiKTeX\tex/latex/amsfonts\umsb.fd"
File: umsb.fd 2013/01/14 v3.01 AMS symbols B
)
LaTeX Font Info:    Trying to load font information for U+rsfs on input line 26
7.

(C:\Users\kng\AppData\Roaming\MiKTeX\tex/latex/jknappen\ursfs.fd
File: ursfs.fd 1998/03/24 rsfs font definition file (jk)
) [1

{C:/Users/kng/AppData/Local/MiKTeX/pdftex/config/pdftex.map}]
(2020_21_gfif_zahlensysteme.toc)
\tf@toc=\write6
\openout6 = `2020_21_gfif_zahlensysteme.toc'.



Package fancyhdr Warning: \headheight is too small (12.0pt): 
(fancyhdr)                Make it at least 13.59999pt, for example:
(fancyhdr)                \setlength{\headheight}{13.59999pt}.
(fancyhdr)                You might also make \topmargin smaller to compensate:

(fancyhdr)                \addtolength{\topmargin}{-1.59999pt}.

[1]

Package fancyhdr Warning: \headheight is too small (12.0pt): 
(fancyhdr)                Make it at least 13.59999pt, for example:
(fancyhdr)                \setlength{\headheight}{13.59999pt}.
(fancyhdr)                You might also make \topmargin smaller to compensate:

(fancyhdr)                \addtolength{\topmargin}{-1.59999pt}.

pdfTeX warning (ext4): destination with the same identifier (name{page.1}) has 
been already used, duplicate ignored
<to be read again> 
                   \relax 
l.361 \newpage
               [1]
Package mdframed Info: mdframed works in twoside mode on input line 368.
Package mdframed Info: mdframed detected package amsthm 
 changed the theorem header of amsthm
(mdframed)              on input line 368.
Package mdframed Info: mdframed detected package amsthm 
 changed the theorem header of amsthm
(mdframed)              on input line 371.

Overfull \hbox (30.84477pt too wide) in paragraph at lines 373--374
[]\OT1/cmr/m/n/10.95 Im \OT1/cmr/bx/n/10.95 De-zi-mal-sys-tem \OT1/cmr/m/n/10.9
5 (auch \OT1/cmr/bx/n/10.95 Zeh-ner-sys-tem\OT1/cmr/m/n/10.95 ) ist die Ba-sis 
$10$ und die Nenn-wer-te sind $0\OML/cmm/m/it/10.95 ; \OT1/cmr/m/n/10.95 1\OML/
cmm/m/it/10.95 ; \OT1/cmr/m/n/10.95 2\OML/cmm/m/it/10.95 ; \OT1/cmr/m/n/10.95 3
\OML/cmm/m/it/10.95 ; \OT1/cmr/m/n/10.95 4\OML/cmm/m/it/10.95 ; \OT1/cmr/m/n/10
.95 5\OML/cmm/m/it/10.95 ; \OT1/cmr/m/n/10.95 6\OML/cmm/m/it/10.95 ; \OT1/cmr/m
/n/10.95 7\OML/cmm/m/it/10.95 ; \OT1/cmr/m/n/10.95 8$
 []


Package fancyhdr Warning: \headheight is too small (12.0pt): 
(fancyhdr)                Make it at least 13.59999pt, for example:
(fancyhdr)                \setlength{\headheight}{13.59999pt}.
(fancyhdr)                You might also make \topmargin smaller to compensate:

(fancyhdr)                \addtolength{\topmargin}{-1.59999pt}.

[2]
Package mdframed Info: mdframed works in twoside mode on input line 415.
Package mdframed Info: mdframed detected package amsthm 
 changed the theorem header of amsthm
(mdframed)              on input line 415.
Package mdframed Info: mdframed detected package amsthm 
 changed the theorem header of amsthm
(mdframed)              on input line 418.
<figures/binarycount.jpg, id=79, 723.45282pt x 560.0925pt>
File: figures/binarycount.jpg Graphic file (type jpg)
<use figures/binarycount.jpg>
Package pdftex.def Info: figures/binarycount.jpg  used on input line 447.
(pdftex.def)             Requested size: 217.42265pt x 168.32816pt.

Overfull \hbox (25.38425pt too wide) in paragraph at lines 458--458
 [][] 
 []


Overfull \hbox (25.38425pt too wide) in paragraph at lines 458--458
 [][] 
 []


Overfull \hbox (25.38425pt too wide) in paragraph at lines 458--458
 [][] 
 []


Package fancyhdr Warning: \headheight is too small (12.0pt): 
(fancyhdr)                Make it at least 13.59999pt, for example:
(fancyhdr)                \setlength{\headheight}{13.59999pt}.
(fancyhdr)                You might also make \topmargin smaller to compensate:

(fancyhdr)                \addtolength{\topmargin}{-1.59999pt}.

[3 <./figures/binarycount.jpg>]

Package fancyhdr Warning: \headheight is too small (12.0pt): 
(fancyhdr)                Make it at least 13.59999pt, for example:
(fancyhdr)                \setlength{\headheight}{13.59999pt}.
(fancyhdr)                You might also make \topmargin smaller to compensate:

(fancyhdr)                \addtolength{\topmargin}{-1.59999pt}.

[4] ("C:\Program Files\MiKTeX\tex/latex/listings\lstlang1.sty"
File: lstlang1.sty 2020/03/24 1.8d listings language file
)

Package fancyhdr Warning: \headheight is too small (12.0pt): 
(fancyhdr)                Make it at least 13.59999pt, for example:
(fancyhdr)                \setlength{\headheight}{13.59999pt}.
(fancyhdr)                You might also make \topmargin smaller to compensate:

(fancyhdr)                \addtolength{\topmargin}{-1.59999pt}.

[5]
Overfull \hbox (25.38425pt too wide) in paragraph at lines 519--519
 [][] 
 []


Overfull \hbox (25.38425pt too wide) in paragraph at lines 519--519
 [][] 
 []


Overfull \hbox (25.38425pt too wide) in paragraph at lines 519--519
 [][] 
 []


Overfull \hbox (25.38425pt too wide) in paragraph at lines 519--519
 [][] 
 []

\openout4 = `2020_21_gfif_zahlensysteme-1.cpt'.


Package fancyhdr Warning: \headheight is too small (12.0pt): 
(fancyhdr)                Make it at least 13.59999pt, for example:
(fancyhdr)                \setlength{\headheight}{13.59999pt}.
(fancyhdr)                You might also make \topmargin smaller to compensate:

(fancyhdr)                \addtolength{\topmargin}{-1.59999pt}.

[6]

Package fancyhdr Warning: \headheight is too small (12.0pt): 
(fancyhdr)                Make it at least 13.59999pt, for example:
(fancyhdr)                \setlength{\headheight}{13.59999pt}.
(fancyhdr)                You might also make \topmargin smaller to compensate:

(fancyhdr)                \addtolength{\topmargin}{-1.59999pt}.

[7]

Package fancyhdr Warning: \headheight is too small (12.0pt): 
(fancyhdr)                Make it at least 13.59999pt, for example:
(fancyhdr)                \setlength{\headheight}{13.59999pt}.
(fancyhdr)                You might also make \topmargin smaller to compensate:

(fancyhdr)                \addtolength{\topmargin}{-1.59999pt}.

[8]
\openout4 = `2020_21_gfif_zahlensysteme-2.cpt'.

 (2020_21_gfif_zahlensysteme-2.cpt)

Package fancyhdr Warning: \headheight is too small (12.0pt): 
(fancyhdr)                Make it at least 13.59999pt, for example:
(fancyhdr)                \setlength{\headheight}{13.59999pt}.
(fancyhdr)                You might also make \topmargin smaller to compensate:

(fancyhdr)                \addtolength{\topmargin}{-1.59999pt}.

[9]
Package atveryend Info: Empty hook `BeforeClearDocument' on input line 1496.
Package atveryend Info: Empty hook `AfterLastShipout' on input line 1496.
 (2020_21_gfif_zahlensysteme.aux)
Package atveryend Info: Executing hook `AtVeryEndDocument' on input line 1496.
Package atveryend Info: Executing hook `AtEndAfterFileList' on input line 1496.

Package rerunfilecheck Info: File `2020_21_gfif_zahlensysteme.out' has not chan
ged.
(rerunfilecheck)             Checksum: 555869922DF3551C49F6CA65AE65E1CA;145.
 ) 
Here is how much of TeX's memory you used:
 60748 strings out of 481212
 1501090 string characters out of 2915733
 2266062 words of memory out of 3000000
 75169 multiletter control sequences out of 15000+200000
 548299 words of font info for 80 fonts, out of 3000000 for 9000
 1141 hyphenation exceptions out of 8191
 76i,15n,129p,1094b,1797s stack positions out of 5000i,500n,10000p,200000b,50000s
 <C:\Users\kng\AppData\Local\MiKTeX\fonts/pk/ljfour/jknappen/ec/dpi600\tcrm10
95.pk><C:/Program Files/MiKTeX/fonts/type1/public/amsfonts/cm/cmbx10.pfb><C:/Pr
ogram Files/MiKTeX/fonts/type1/public/amsfonts/cm/cmbx12.pfb><C:/Program Files/
MiKTeX/fonts/type1/public/amsfonts/cm/cmmi10.pfb><C:/Program Files/MiKTeX/fonts
/type1/public/amsfonts/cm/cmr10.pfb><C:/Program Files/MiKTeX/fonts/type1/public
/amsfonts/cm/cmr12.pfb><C:/Program Files/MiKTeX/fonts/type1/public/amsfonts/cm/
cmr17.pfb><C:/Program Files/MiKTeX/fonts/type1/public/amsfonts/cm/cmr8.pfb><C:/
Program Files/MiKTeX/fonts/type1/public/amsfonts/cm/cmss10.pfb><C:/Program File
s/MiKTeX/fonts/type1/public/amsfonts/cm/cmsy10.pfb><C:/Program Files/MiKTeX/fon
ts/type1/public/amsfonts/cm/cmti10.pfb>
Output written on 2020_21_gfif_zahlensysteme.pdf (11 pages, 282039 bytes).
PDF statistics:
 197 PDF objects out of 1000 (max. 8388607)
 57 named destinations out of 1000 (max. 500000)
 138 words of extra memory for PDF output out of 10000 (max. 10000000)

